{"/home/ltts/IoTReceiver/routes/decisionMaker.js":{"path":"/home/ltts/IoTReceiver/routes/decisionMaker.js","s":{"1":1,"2":1,"3":1,"4":1,"5":1,"6":1,"7":1,"8":1,"9":11,"10":11,"11":1,"12":1,"13":1,"14":0,"15":10,"16":10,"17":0,"18":10,"19":10,"20":0,"21":10,"22":2,"23":2,"24":0,"25":2,"26":1,"27":1,"28":0,"29":1,"30":0,"31":0,"32":0,"33":1,"34":1,"35":0,"36":1,"37":1,"38":1,"39":0,"40":1,"41":0,"42":0,"43":0,"44":1,"45":1,"46":0,"47":0,"48":0,"49":0,"50":2,"51":0,"52":0,"53":0,"54":0,"55":2,"56":2,"57":0,"58":2,"59":2,"60":4,"61":4,"62":0,"63":4,"64":4,"65":0,"66":4,"67":2,"68":2,"69":2,"70":0,"71":2,"72":0,"73":0,"74":0,"75":0,"76":2,"77":1,"78":1,"79":0,"80":1,"81":1,"82":1,"83":1,"84":1,"85":0,"86":0,"87":0,"88":0,"89":0,"90":0,"91":0,"92":0,"93":0,"94":0,"95":0,"96":4,"97":1,"98":1,"99":0,"100":1,"101":1,"102":0,"103":1,"104":1,"105":0,"106":1,"107":1,"108":2,"109":2,"110":0,"111":2,"112":2,"113":0,"114":2,"115":1,"116":1,"117":0,"118":1,"119":0,"120":0,"121":0,"122":0,"123":1,"124":1,"125":1,"126":1,"127":1,"128":0,"129":1,"130":1,"131":2,"132":1,"133":1,"134":0,"135":1,"136":1,"137":1,"138":0,"139":0,"140":1},"b":{"1":[1,10],"2":[0,1],"3":[0,10],"4":[0,10],"5":[1,2,2,2,4,4,4,4,1,2,1,0],"6":[0,2],"7":[1,1],"8":[2,2],"9":[0,1],"10":[0,1],"11":[0,0],"12":[0,1],"13":[1,0],"14":[1,1],"15":[0,1],"16":[0,1],"17":[0,0],"18":[0,1],"19":[0,0],"20":[0,2],"21":[0,0],"22":[0,2],"23":[0,4],"24":[0,4],"25":[2,2],"26":[2,0],"27":[0,2],"28":[0,0],"29":[1,1],"30":[2,1],"31":[0,1],"32":[1,0],"33":[1,0],"34":[0,0],"35":[0,0],"36":[0,0],"37":[0,0],"38":[0,1],"39":[0,1],"40":[0,1],"41":[0,2],"42":[0,2],"43":[1,1],"44":[0,1],"45":[0,1],"46":[0,0],"47":[1,0],"48":[1,0],"49":[0,1],"50":[0,1]},"f":{"1":11,"2":11,"3":1,"4":10,"5":10,"6":2,"7":1,"8":0,"9":1,"10":1,"11":0,"12":1,"13":0,"14":0,"15":2,"16":4,"17":4,"18":2,"19":0,"20":1,"21":1,"22":0,"23":0,"24":1,"25":1,"26":1,"27":2,"28":2,"29":1,"30":0,"31":1,"32":1,"33":1,"34":1},"fnMap":{"1":{"name":"decsionMaker","line":10,"loc":{"start":{"line":10,"column":0},"end":{"line":10,"column":38}}},"2":{"name":"(anonymous_2)","line":12,"loc":{"start":{"line":12,"column":38},"end":{"line":12,"column":53}}},"3":{"name":"(anonymous_3)","line":15,"loc":{"start":{"line":15,"column":114},"end":{"line":15,"column":129}}},"4":{"name":"(anonymous_4)","line":22,"loc":{"start":{"line":22,"column":46},"end":{"line":22,"column":70}}},"5":{"name":"(anonymous_5)","line":26,"loc":{"start":{"line":26,"column":56},"end":{"line":26,"column":76}}},"6":{"name":"(anonymous_6)","line":34,"loc":{"start":{"line":34,"column":83},"end":{"line":34,"column":106}}},"7":{"name":"(anonymous_7)","line":39,"loc":{"start":{"line":39,"column":148},"end":{"line":39,"column":169}}},"8":{"name":"(anonymous_8)","line":45,"loc":{"start":{"line":45,"column":301},"end":{"line":45,"column":316}}},"9":{"name":"(anonymous_9)","line":52,"loc":{"start":{"line":52,"column":335},"end":{"line":52,"column":350}}},"10":{"name":"(anonymous_10)","line":62,"loc":{"start":{"line":62,"column":136},"end":{"line":62,"column":160}}},"11":{"name":"(anonymous_11)","line":68,"loc":{"start":{"line":68,"column":297},"end":{"line":68,"column":312}}},"12":{"name":"(anonymous_12)","line":75,"loc":{"start":{"line":75,"column":335},"end":{"line":75,"column":350}}},"13":{"name":"(anonymous_13)","line":85,"loc":{"start":{"line":85,"column":281},"end":{"line":85,"column":296}}},"14":{"name":"(anonymous_14)","line":93,"loc":{"start":{"line":93,"column":124},"end":{"line":93,"column":147}}},"15":{"name":"(anonymous_15)","line":103,"loc":{"start":{"line":103,"column":110},"end":{"line":103,"column":133}}},"16":{"name":"(anonymous_16)","line":120,"loc":{"start":{"line":120,"column":83},"end":{"line":120,"column":106}}},"17":{"name":"(anonymous_17)","line":124,"loc":{"start":{"line":124,"column":277},"end":{"line":124,"column":292}}},"18":{"name":"(anonymous_18)","line":131,"loc":{"start":{"line":131,"column":116},"end":{"line":131,"column":139}}},"19":{"name":"(anonymous_19)","line":141,"loc":{"start":{"line":141,"column":113},"end":{"line":141,"column":136}}},"20":{"name":"(anonymous_20)","line":151,"loc":{"start":{"line":151,"column":117},"end":{"line":151,"column":140}}},"21":{"name":"(anonymous_21)","line":161,"loc":{"start":{"line":161,"column":118},"end":{"line":161,"column":141}}},"22":{"name":"(anonymous_22)","line":171,"loc":{"start":{"line":171,"column":112},"end":{"line":171,"column":135}}},"23":{"name":"(anonymous_23)","line":181,"loc":{"start":{"line":181,"column":118},"end":{"line":181,"column":141}}},"24":{"name":"(anonymous_24)","line":195,"loc":{"start":{"line":195,"column":83},"end":{"line":195,"column":106}}},"25":{"name":"(anonymous_25)","line":200,"loc":{"start":{"line":200,"column":128},"end":{"line":200,"column":143}}},"26":{"name":"(anonymous_26)","line":204,"loc":{"start":{"line":204,"column":301},"end":{"line":204,"column":321}}},"27":{"name":"(anonymous_27)","line":218,"loc":{"start":{"line":218,"column":86},"end":{"line":218,"column":109}}},"28":{"name":"(anonymous_28)","line":222,"loc":{"start":{"line":222,"column":293},"end":{"line":222,"column":313}}},"29":{"name":"(anonymous_29)","line":229,"loc":{"start":{"line":229,"column":184},"end":{"line":229,"column":207}}},"30":{"name":"(anonymous_30)","line":235,"loc":{"start":{"line":235,"column":149},"end":{"line":235,"column":164}}},"31":{"name":"(anonymous_31)","line":251,"loc":{"start":{"line":251,"column":139},"end":{"line":251,"column":154}}},"32":{"name":"(anonymous_32)","line":255,"loc":{"start":{"line":255,"column":167},"end":{"line":255,"column":190}}},"33":{"name":"(anonymous_33)","line":265,"loc":{"start":{"line":265,"column":81},"end":{"line":265,"column":104}}},"34":{"name":"(anonymous_34)","line":269,"loc":{"start":{"line":269,"column":112},"end":{"line":269,"column":135}}}},"statementMap":{"1":{"start":{"line":1,"column":0},"end":{"line":1,"column":33}},"2":{"start":{"line":2,"column":0},"end":{"line":2,"column":30}},"3":{"start":{"line":3,"column":0},"end":{"line":3,"column":43}},"4":{"start":{"line":4,"column":0},"end":{"line":4,"column":41}},"5":{"start":{"line":5,"column":0},"end":{"line":5,"column":49}},"6":{"start":{"line":6,"column":0},"end":{"line":6,"column":60}},"7":{"start":{"line":7,"column":0},"end":{"line":7,"column":48}},"8":{"start":{"line":10,"column":0},"end":{"line":286,"column":1}},"9":{"start":{"line":12,"column":4},"end":{"line":285,"column":7}},"10":{"start":{"line":13,"column":8},"end":{"line":284,"column":9}},"11":{"start":{"line":14,"column":12},"end":{"line":14,"column":26}},"12":{"start":{"line":15,"column":12},"end":{"line":19,"column":15}},"13":{"start":{"line":16,"column":16},"end":{"line":18,"column":17}},"14":{"start":{"line":17,"column":20},"end":{"line":17,"column":34}},"15":{"start":{"line":22,"column":12},"end":{"line":283,"column":15}},"16":{"start":{"line":23,"column":16},"end":{"line":282,"column":17}},"17":{"start":{"line":24,"column":20},"end":{"line":24,"column":34}},"18":{"start":{"line":26,"column":20},"end":{"line":281,"column":23}},"19":{"start":{"line":27,"column":24},"end":{"line":280,"column":25}},"20":{"start":{"line":28,"column":28},"end":{"line":28,"column":42}},"21":{"start":{"line":30,"column":28},"end":{"line":279,"column":29}},"22":{"start":{"line":34,"column":36},"end":{"line":113,"column":39}},"23":{"start":{"line":35,"column":40},"end":{"line":112,"column":41}},"24":{"start":{"line":36,"column":44},"end":{"line":36,"column":58}},"25":{"start":{"line":38,"column":44},"end":{"line":90,"column":45}},"26":{"start":{"line":39,"column":48},"end":{"line":59,"column":51}},"27":{"start":{"line":40,"column":52},"end":{"line":58,"column":53}},"28":{"start":{"line":41,"column":56},"end":{"line":41,"column":70}},"29":{"start":{"line":44,"column":56},"end":{"line":57,"column":57}},"30":{"start":{"line":45,"column":60},"end":{"line":49,"column":63}},"31":{"start":{"line":46,"column":64},"end":{"line":48,"column":65}},"32":{"start":{"line":47,"column":68},"end":{"line":47,"column":82}},"33":{"start":{"line":52,"column":60},"end":{"line":56,"column":63}},"34":{"start":{"line":53,"column":64},"end":{"line":55,"column":65}},"35":{"start":{"line":54,"column":68},"end":{"line":54,"column":82}},"36":{"start":{"line":61,"column":49},"end":{"line":90,"column":45}},"37":{"start":{"line":62,"column":48},"end":{"line":82,"column":51}},"38":{"start":{"line":63,"column":52},"end":{"line":81,"column":53}},"39":{"start":{"line":64,"column":56},"end":{"line":64,"column":70}},"40":{"start":{"line":67,"column":56},"end":{"line":80,"column":57}},"41":{"start":{"line":68,"column":60},"end":{"line":72,"column":63}},"42":{"start":{"line":69,"column":64},"end":{"line":71,"column":65}},"43":{"start":{"line":70,"column":68},"end":{"line":70,"column":82}},"44":{"start":{"line":75,"column":60},"end":{"line":79,"column":63}},"45":{"start":{"line":76,"column":64},"end":{"line":78,"column":65}},"46":{"start":{"line":77,"column":68},"end":{"line":77,"column":82}},"47":{"start":{"line":85,"column":48},"end":{"line":89,"column":51}},"48":{"start":{"line":86,"column":52},"end":{"line":88,"column":53}},"49":{"start":{"line":87,"column":56},"end":{"line":87,"column":70}},"50":{"start":{"line":92,"column":44},"end":{"line":111,"column":45}},"51":{"start":{"line":93,"column":48},"end":{"line":100,"column":51}},"52":{"start":{"line":94,"column":52},"end":{"line":99,"column":53}},"53":{"start":{"line":95,"column":56},"end":{"line":95,"column":70}},"54":{"start":{"line":98,"column":56},"end":{"line":98,"column":96}},"55":{"start":{"line":103,"column":48},"end":{"line":110,"column":51}},"56":{"start":{"line":104,"column":52},"end":{"line":109,"column":53}},"57":{"start":{"line":105,"column":56},"end":{"line":105,"column":70}},"58":{"start":{"line":108,"column":56},"end":{"line":108,"column":96}},"59":{"start":{"line":114,"column":36},"end":{"line":114,"column":42}},"60":{"start":{"line":120,"column":36},"end":{"line":191,"column":39}},"61":{"start":{"line":121,"column":40},"end":{"line":190,"column":41}},"62":{"start":{"line":122,"column":44},"end":{"line":122,"column":58}},"63":{"start":{"line":124,"column":44},"end":{"line":128,"column":47}},"64":{"start":{"line":125,"column":48},"end":{"line":127,"column":49}},"65":{"start":{"line":126,"column":52},"end":{"line":126,"column":66}},"66":{"start":{"line":130,"column":44},"end":{"line":189,"column":45}},"67":{"start":{"line":131,"column":48},"end":{"line":138,"column":51}},"68":{"start":{"line":132,"column":52},"end":{"line":137,"column":53}},"69":{"start":{"line":133,"column":56},"end":{"line":133,"column":70}},"70":{"start":{"line":136,"column":56},"end":{"line":136,"column":96}},"71":{"start":{"line":140,"column":49},"end":{"line":189,"column":45}},"72":{"start":{"line":141,"column":48},"end":{"line":148,"column":51}},"73":{"start":{"line":142,"column":52},"end":{"line":147,"column":53}},"74":{"start":{"line":143,"column":56},"end":{"line":143,"column":70}},"75":{"start":{"line":146,"column":56},"end":{"line":146,"column":96}},"76":{"start":{"line":150,"column":49},"end":{"line":189,"column":45}},"77":{"start":{"line":151,"column":48},"end":{"line":158,"column":51}},"78":{"start":{"line":152,"column":52},"end":{"line":157,"column":53}},"79":{"start":{"line":153,"column":56},"end":{"line":153,"column":70}},"80":{"start":{"line":156,"column":56},"end":{"line":156,"column":96}},"81":{"start":{"line":160,"column":49},"end":{"line":189,"column":45}},"82":{"start":{"line":161,"column":48},"end":{"line":168,"column":51}},"83":{"start":{"line":162,"column":52},"end":{"line":167,"column":53}},"84":{"start":{"line":163,"column":56},"end":{"line":163,"column":70}},"85":{"start":{"line":166,"column":56},"end":{"line":166,"column":96}},"86":{"start":{"line":170,"column":49},"end":{"line":189,"column":45}},"87":{"start":{"line":171,"column":48},"end":{"line":178,"column":51}},"88":{"start":{"line":172,"column":52},"end":{"line":177,"column":53}},"89":{"start":{"line":173,"column":56},"end":{"line":173,"column":70}},"90":{"start":{"line":176,"column":56},"end":{"line":176,"column":96}},"91":{"start":{"line":180,"column":49},"end":{"line":189,"column":45}},"92":{"start":{"line":181,"column":48},"end":{"line":188,"column":51}},"93":{"start":{"line":182,"column":52},"end":{"line":187,"column":53}},"94":{"start":{"line":183,"column":56},"end":{"line":183,"column":70}},"95":{"start":{"line":186,"column":56},"end":{"line":186,"column":96}},"96":{"start":{"line":192,"column":36},"end":{"line":192,"column":42}},"97":{"start":{"line":195,"column":36},"end":{"line":214,"column":39}},"98":{"start":{"line":196,"column":40},"end":{"line":213,"column":41}},"99":{"start":{"line":197,"column":44},"end":{"line":197,"column":58}},"100":{"start":{"line":200,"column":44},"end":{"line":212,"column":47}},"101":{"start":{"line":201,"column":48},"end":{"line":211,"column":49}},"102":{"start":{"line":202,"column":52},"end":{"line":202,"column":66}},"103":{"start":{"line":204,"column":52},"end":{"line":210,"column":55}},"104":{"start":{"line":205,"column":56},"end":{"line":209,"column":57}},"105":{"start":{"line":206,"column":60},"end":{"line":206,"column":74}},"106":{"start":{"line":208,"column":60},"end":{"line":208,"column":102}},"107":{"start":{"line":215,"column":36},"end":{"line":215,"column":42}},"108":{"start":{"line":218,"column":36},"end":{"line":262,"column":39}},"109":{"start":{"line":219,"column":40},"end":{"line":261,"column":41}},"110":{"start":{"line":220,"column":44},"end":{"line":220,"column":58}},"111":{"start":{"line":222,"column":44},"end":{"line":226,"column":47}},"112":{"start":{"line":223,"column":48},"end":{"line":225,"column":49}},"113":{"start":{"line":224,"column":52},"end":{"line":224,"column":66}},"114":{"start":{"line":228,"column":44},"end":{"line":260,"column":45}},"115":{"start":{"line":229,"column":48},"end":{"line":247,"column":51}},"116":{"start":{"line":230,"column":52},"end":{"line":246,"column":53}},"117":{"start":{"line":231,"column":56},"end":{"line":231,"column":70}},"118":{"start":{"line":234,"column":56},"end":{"line":245,"column":57}},"119":{"start":{"line":235,"column":60},"end":{"line":241,"column":63}},"120":{"start":{"line":236,"column":64},"end":{"line":240,"column":65}},"121":{"start":{"line":237,"column":68},"end":{"line":237,"column":82}},"122":{"start":{"line":239,"column":68},"end":{"line":239,"column":118}},"123":{"start":{"line":243,"column":61},"end":{"line":245,"column":57}},"124":{"start":{"line":244,"column":60},"end":{"line":244,"column":88}},"125":{"start":{"line":249,"column":49},"end":{"line":260,"column":45}},"126":{"start":{"line":251,"column":48},"end":{"line":259,"column":51}},"127":{"start":{"line":252,"column":52},"end":{"line":258,"column":53}},"128":{"start":{"line":253,"column":56},"end":{"line":253,"column":70}},"129":{"start":{"line":255,"column":56},"end":{"line":257,"column":59}},"130":{"start":{"line":256,"column":60},"end":{"line":256,"column":109}},"131":{"start":{"line":263,"column":36},"end":{"line":263,"column":42}},"132":{"start":{"line":265,"column":36},"end":{"line":273,"column":39}},"133":{"start":{"line":266,"column":40},"end":{"line":272,"column":41}},"134":{"start":{"line":267,"column":44},"end":{"line":267,"column":58}},"135":{"start":{"line":269,"column":44},"end":{"line":271,"column":47}},"136":{"start":{"line":270,"column":48},"end":{"line":270,"column":124}},"137":{"start":{"line":274,"column":36},"end":{"line":274,"column":42}},"138":{"start":{"line":276,"column":36},"end":{"line":276,"column":99}},"139":{"start":{"line":277,"column":36},"end":{"line":277,"column":42}},"140":{"start":{"line":288,"column":0},"end":{"line":290,"column":1}}},"branchMap":{"1":{"line":13,"type":"if","locations":[{"start":{"line":13,"column":8},"end":{"line":13,"column":8}},{"start":{"line":13,"column":8},"end":{"line":13,"column":8}}]},"2":{"line":16,"type":"if","locations":[{"start":{"line":16,"column":16},"end":{"line":16,"column":16}},{"start":{"line":16,"column":16},"end":{"line":16,"column":16}}]},"3":{"line":23,"type":"if","locations":[{"start":{"line":23,"column":16},"end":{"line":23,"column":16}},{"start":{"line":23,"column":16},"end":{"line":23,"column":16}}]},"4":{"line":27,"type":"if","locations":[{"start":{"line":27,"column":24},"end":{"line":27,"column":24}},{"start":{"line":27,"column":24},"end":{"line":27,"column":24}}]},"5":{"line":30,"type":"switch","locations":[{"start":{"line":31,"column":32},"end":{"line":31,"column":63}},{"start":{"line":32,"column":32},"end":{"line":32,"column":59}},{"start":{"line":33,"column":32},"end":{"line":114,"column":42}},{"start":{"line":115,"column":32},"end":{"line":115,"column":49}},{"start":{"line":116,"column":32},"end":{"line":116,"column":53}},{"start":{"line":117,"column":32},"end":{"line":117,"column":65}},{"start":{"line":118,"column":32},"end":{"line":118,"column":62}},{"start":{"line":119,"column":32},"end":{"line":192,"column":42}},{"start":{"line":194,"column":32},"end":{"line":215,"column":42}},{"start":{"line":216,"column":32},"end":{"line":263,"column":42}},{"start":{"line":264,"column":32},"end":{"line":274,"column":42}},{"start":{"line":275,"column":32},"end":{"line":277,"column":42}}]},"6":{"line":35,"type":"if","locations":[{"start":{"line":35,"column":40},"end":{"line":35,"column":40}},{"start":{"line":35,"column":40},"end":{"line":35,"column":40}}]},"7":{"line":38,"type":"if","locations":[{"start":{"line":38,"column":44},"end":{"line":38,"column":44}},{"start":{"line":38,"column":44},"end":{"line":38,"column":44}}]},"8":{"line":38,"type":"binary-expr","locations":[{"start":{"line":38,"column":48},"end":{"line":38,"column":88}},{"start":{"line":38,"column":92},"end":{"line":38,"column":135}}]},"9":{"line":40,"type":"if","locations":[{"start":{"line":40,"column":52},"end":{"line":40,"column":52}},{"start":{"line":40,"column":52},"end":{"line":40,"column":52}}]},"10":{"line":44,"type":"if","locations":[{"start":{"line":44,"column":56},"end":{"line":44,"column":56}},{"start":{"line":44,"column":56},"end":{"line":44,"column":56}}]},"11":{"line":46,"type":"if","locations":[{"start":{"line":46,"column":64},"end":{"line":46,"column":64}},{"start":{"line":46,"column":64},"end":{"line":46,"column":64}}]},"12":{"line":53,"type":"if","locations":[{"start":{"line":53,"column":64},"end":{"line":53,"column":64}},{"start":{"line":53,"column":64},"end":{"line":53,"column":64}}]},"13":{"line":61,"type":"if","locations":[{"start":{"line":61,"column":49},"end":{"line":61,"column":49}},{"start":{"line":61,"column":49},"end":{"line":61,"column":49}}]},"14":{"line":61,"type":"binary-expr","locations":[{"start":{"line":61,"column":53},"end":{"line":61,"column":93}},{"start":{"line":61,"column":97},"end":{"line":61,"column":136}}]},"15":{"line":63,"type":"if","locations":[{"start":{"line":63,"column":52},"end":{"line":63,"column":52}},{"start":{"line":63,"column":52},"end":{"line":63,"column":52}}]},"16":{"line":67,"type":"if","locations":[{"start":{"line":67,"column":56},"end":{"line":67,"column":56}},{"start":{"line":67,"column":56},"end":{"line":67,"column":56}}]},"17":{"line":69,"type":"if","locations":[{"start":{"line":69,"column":64},"end":{"line":69,"column":64}},{"start":{"line":69,"column":64},"end":{"line":69,"column":64}}]},"18":{"line":76,"type":"if","locations":[{"start":{"line":76,"column":64},"end":{"line":76,"column":64}},{"start":{"line":76,"column":64},"end":{"line":76,"column":64}}]},"19":{"line":86,"type":"if","locations":[{"start":{"line":86,"column":52},"end":{"line":86,"column":52}},{"start":{"line":86,"column":52},"end":{"line":86,"column":52}}]},"20":{"line":92,"type":"if","locations":[{"start":{"line":92,"column":44},"end":{"line":92,"column":44}},{"start":{"line":92,"column":44},"end":{"line":92,"column":44}}]},"21":{"line":94,"type":"if","locations":[{"start":{"line":94,"column":52},"end":{"line":94,"column":52}},{"start":{"line":94,"column":52},"end":{"line":94,"column":52}}]},"22":{"line":104,"type":"if","locations":[{"start":{"line":104,"column":52},"end":{"line":104,"column":52}},{"start":{"line":104,"column":52},"end":{"line":104,"column":52}}]},"23":{"line":121,"type":"if","locations":[{"start":{"line":121,"column":40},"end":{"line":121,"column":40}},{"start":{"line":121,"column":40},"end":{"line":121,"column":40}}]},"24":{"line":125,"type":"if","locations":[{"start":{"line":125,"column":48},"end":{"line":125,"column":48}},{"start":{"line":125,"column":48},"end":{"line":125,"column":48}}]},"25":{"line":130,"type":"if","locations":[{"start":{"line":130,"column":44},"end":{"line":130,"column":44}},{"start":{"line":130,"column":44},"end":{"line":130,"column":44}}]},"26":{"line":132,"type":"if","locations":[{"start":{"line":132,"column":52},"end":{"line":132,"column":52}},{"start":{"line":132,"column":52},"end":{"line":132,"column":52}}]},"27":{"line":140,"type":"if","locations":[{"start":{"line":140,"column":49},"end":{"line":140,"column":49}},{"start":{"line":140,"column":49},"end":{"line":140,"column":49}}]},"28":{"line":142,"type":"if","locations":[{"start":{"line":142,"column":52},"end":{"line":142,"column":52}},{"start":{"line":142,"column":52},"end":{"line":142,"column":52}}]},"29":{"line":150,"type":"if","locations":[{"start":{"line":150,"column":49},"end":{"line":150,"column":49}},{"start":{"line":150,"column":49},"end":{"line":150,"column":49}}]},"30":{"line":150,"type":"binary-expr","locations":[{"start":{"line":150,"column":53},"end":{"line":150,"column":87}},{"start":{"line":150,"column":91},"end":{"line":150,"column":128}}]},"31":{"line":152,"type":"if","locations":[{"start":{"line":152,"column":52},"end":{"line":152,"column":52}},{"start":{"line":152,"column":52},"end":{"line":152,"column":52}}]},"32":{"line":160,"type":"if","locations":[{"start":{"line":160,"column":49},"end":{"line":160,"column":49}},{"start":{"line":160,"column":49},"end":{"line":160,"column":49}}]},"33":{"line":162,"type":"if","locations":[{"start":{"line":162,"column":52},"end":{"line":162,"column":52}},{"start":{"line":162,"column":52},"end":{"line":162,"column":52}}]},"34":{"line":170,"type":"if","locations":[{"start":{"line":170,"column":49},"end":{"line":170,"column":49}},{"start":{"line":170,"column":49},"end":{"line":170,"column":49}}]},"35":{"line":172,"type":"if","locations":[{"start":{"line":172,"column":52},"end":{"line":172,"column":52}},{"start":{"line":172,"column":52},"end":{"line":172,"column":52}}]},"36":{"line":180,"type":"if","locations":[{"start":{"line":180,"column":49},"end":{"line":180,"column":49}},{"start":{"line":180,"column":49},"end":{"line":180,"column":49}}]},"37":{"line":182,"type":"if","locations":[{"start":{"line":182,"column":52},"end":{"line":182,"column":52}},{"start":{"line":182,"column":52},"end":{"line":182,"column":52}}]},"38":{"line":196,"type":"if","locations":[{"start":{"line":196,"column":40},"end":{"line":196,"column":40}},{"start":{"line":196,"column":40},"end":{"line":196,"column":40}}]},"39":{"line":201,"type":"if","locations":[{"start":{"line":201,"column":48},"end":{"line":201,"column":48}},{"start":{"line":201,"column":48},"end":{"line":201,"column":48}}]},"40":{"line":205,"type":"if","locations":[{"start":{"line":205,"column":56},"end":{"line":205,"column":56}},{"start":{"line":205,"column":56},"end":{"line":205,"column":56}}]},"41":{"line":219,"type":"if","locations":[{"start":{"line":219,"column":40},"end":{"line":219,"column":40}},{"start":{"line":219,"column":40},"end":{"line":219,"column":40}}]},"42":{"line":223,"type":"if","locations":[{"start":{"line":223,"column":48},"end":{"line":223,"column":48}},{"start":{"line":223,"column":48},"end":{"line":223,"column":48}}]},"43":{"line":228,"type":"if","locations":[{"start":{"line":228,"column":44},"end":{"line":228,"column":44}},{"start":{"line":228,"column":44},"end":{"line":228,"column":44}}]},"44":{"line":230,"type":"if","locations":[{"start":{"line":230,"column":52},"end":{"line":230,"column":52}},{"start":{"line":230,"column":52},"end":{"line":230,"column":52}}]},"45":{"line":234,"type":"if","locations":[{"start":{"line":234,"column":56},"end":{"line":234,"column":56}},{"start":{"line":234,"column":56},"end":{"line":234,"column":56}}]},"46":{"line":236,"type":"if","locations":[{"start":{"line":236,"column":64},"end":{"line":236,"column":64}},{"start":{"line":236,"column":64},"end":{"line":236,"column":64}}]},"47":{"line":243,"type":"if","locations":[{"start":{"line":243,"column":61},"end":{"line":243,"column":61}},{"start":{"line":243,"column":61},"end":{"line":243,"column":61}}]},"48":{"line":249,"type":"if","locations":[{"start":{"line":249,"column":49},"end":{"line":249,"column":49}},{"start":{"line":249,"column":49},"end":{"line":249,"column":49}}]},"49":{"line":252,"type":"if","locations":[{"start":{"line":252,"column":52},"end":{"line":252,"column":52}},{"start":{"line":252,"column":52},"end":{"line":252,"column":52}}]},"50":{"line":266,"type":"if","locations":[{"start":{"line":266,"column":40},"end":{"line":266,"column":40}},{"start":{"line":266,"column":40},"end":{"line":266,"column":40}}]}}},"/home/ltts/IoTReceiver/CEparser/parser.js":{"path":"/home/ltts/IoTReceiver/CEparser/parser.js","s":{"1":1,"2":1,"3":1,"4":1,"5":1,"6":1,"7":1,"8":1,"9":1,"10":1,"11":1,"12":1,"13":1,"14":1,"15":1,"16":1,"17":1,"18":1,"19":1,"20":1,"21":1,"22":1,"23":1,"24":1,"25":1,"26":1,"27":1,"28":1,"29":1,"30":1,"31":1,"32":1,"33":1,"34":1,"35":1,"36":1,"37":1,"38":13,"39":1,"40":809,"41":809,"42":809,"43":809,"44":3,"45":78,"46":806,"47":154,"48":154,"49":154,"50":616,"51":616,"52":154,"53":154,"54":652,"55":5,"56":95,"57":5,"58":647,"59":0,"60":0,"61":0,"62":0,"63":0,"64":0,"65":0,"66":0,"67":647,"68":2,"69":645,"70":335,"71":310,"72":116,"73":116,"74":116,"75":232,"76":232,"77":116,"78":194,"79":194,"80":194,"81":194,"82":776,"83":776,"84":194,"85":804,"86":0,"87":0,"88":0,"89":0,"90":0,"91":0,"92":1,"93":20,"94":110,"95":20,"96":20,"97":20,"98":1,"99":10,"100":55,"101":10,"102":10,"103":10,"104":16,"105":10,"106":10,"107":10,"108":55,"109":10,"110":10,"111":10,"112":10,"113":1,"114":1,"115":1,"116":1,"117":0,"118":0,"119":0,"120":0,"121":1,"122":5,"123":5,"124":5,"125":5,"126":5,"127":5,"128":5,"129":5,"130":5,"131":1,"132":1,"133":0,"134":0,"135":1,"136":1,"137":0,"138":1,"139":1,"140":3,"141":3,"142":3,"143":3,"144":3,"145":3,"146":3,"147":3,"148":3,"149":3,"150":3,"151":3,"152":1,"153":10,"154":10,"155":80,"156":80,"157":80,"158":10,"159":10,"160":10,"161":5,"162":5,"163":10,"164":10,"165":70,"166":0,"167":1,"168":100,"169":100,"170":100,"171":10,"172":10,"173":10,"174":10,"175":10,"176":10,"177":10,"178":10,"179":10,"180":10,"181":10,"182":10,"183":10,"184":10,"185":10,"186":10,"187":10,"188":10,"189":10,"190":10,"191":10,"192":10,"193":10,"194":10,"195":10,"196":10,"197":10,"198":10,"199":10,"200":10,"201":10,"202":5,"203":5,"204":5,"205":5,"206":10,"207":10,"208":10,"209":10,"210":10,"211":10,"212":10,"213":10,"214":1,"215":1,"216":1,"217":9,"218":10,"219":10,"220":10,"221":10,"222":0,"223":0,"224":0,"225":10,"226":1,"227":1,"228":1,"229":1,"230":1,"231":1,"232":1,"233":11,"234":1,"235":1,"236":1,"237":1,"238":1,"239":1,"240":1,"241":1,"242":1,"243":1,"244":1,"245":1,"246":1,"247":1,"248":1,"249":1,"250":1,"251":1,"252":1,"253":1,"254":1,"255":1,"256":1,"257":0,"258":0,"259":0,"260":0,"261":0,"262":0,"263":0,"264":0,"265":0,"266":0,"267":0,"268":0,"269":0,"270":1,"271":1,"272":1,"273":1,"274":1,"275":10,"276":10,"277":10,"278":1,"279":1,"280":6,"281":6,"282":6,"283":6,"284":6,"285":6,"286":6,"287":6,"288":66,"289":6,"290":5,"291":1,"292":4,"293":4,"294":4,"295":4,"296":4,"297":7,"298":7,"299":7,"300":7,"301":4,"302":4,"303":5,"304":5,"305":5,"306":1,"307":1,"308":60,"309":60,"310":60,"311":6,"312":1,"313":2,"314":2,"315":2,"316":2,"317":2,"318":2,"319":2,"320":2,"321":2,"322":22,"323":2,"324":1,"325":2,"326":2,"327":2,"328":2,"329":2,"330":0,"331":0,"332":0,"333":2,"334":0,"335":0,"336":2,"337":1,"338":1,"339":1,"340":1,"341":1,"342":0,"343":0,"344":0,"345":0,"346":0,"347":0,"348":0,"349":0,"350":0,"351":0,"352":0,"353":0,"354":0,"355":2,"356":1,"357":43,"358":43,"359":43,"360":43,"361":43,"362":1,"363":139,"364":139,"365":139,"366":139,"367":139,"368":2,"369":2,"370":5,"371":5,"372":1,"373":1,"374":1,"375":1,"376":4,"377":1,"378":1,"379":1,"380":1,"381":1,"382":3,"383":2,"384":2,"385":2,"386":2,"387":1,"388":1,"389":1,"390":1,"391":1,"392":0,"393":0,"394":0,"395":0,"396":0,"397":0,"398":0,"399":0,"400":0,"401":0,"402":0,"403":0,"404":0,"405":0,"406":0,"407":0,"408":0,"409":0,"410":0,"411":3,"412":3,"413":113,"414":113,"415":113,"416":113,"417":113,"418":3,"419":417,"420":417,"421":417,"422":417,"423":417,"424":3,"425":3,"426":2,"427":2,"428":2,"429":2,"430":2,"431":2,"432":20,"433":20,"434":20,"435":2,"436":1,"437":1,"438":1,"439":1,"440":1,"441":1,"442":1,"443":1,"444":1,"445":1,"446":1,"447":1,"448":11,"449":1,"450":1,"451":1,"452":1,"453":1,"454":1,"455":0,"456":0,"457":1,"458":0,"459":0,"460":1,"461":1,"462":1,"463":0,"464":0,"465":0,"466":0,"467":0,"468":0,"469":0,"470":0,"471":0,"472":1,"473":1,"474":1,"475":1,"476":1,"477":1,"478":1,"479":1,"480":1,"481":1,"482":1,"483":1,"484":4,"485":4,"486":32,"487":20,"488":12,"489":7,"490":32,"491":32,"492":4,"493":4,"494":1,"495":1,"496":1,"497":1,"498":1,"499":0,"500":0,"501":0,"502":0,"503":0,"504":0,"505":0,"506":0,"507":0,"508":0,"509":0,"510":0,"511":0,"512":0,"513":0,"514":0,"515":0,"516":0,"517":0,"518":0,"519":0,"520":0,"521":0,"522":0,"523":0,"524":0,"525":0,"526":0,"527":0,"528":0,"529":0,"530":0,"531":0,"532":0,"533":0,"534":0,"535":0,"536":0,"537":0,"538":0,"539":0,"540":0,"541":0,"542":0,"543":0,"544":0,"545":0,"546":0,"547":0,"548":0,"549":1,"550":0,"551":10,"552":10,"553":10,"554":1,"555":1},"b":{"1":[3,806],"2":[154,652],"3":[5,647],"4":[0,647],"5":[0,0],"6":[0,0],"7":[2,645],"8":[335,310],"9":[116,194],"10":[194,0],"11":[0,0],"12":[0,0],"13":[20,90],"14":[10,45],"15":[10,6],"16":[10,45],"17":[55,10],"18":[1,0],"19":[1,0],"20":[1,0],"21":[0,0],"22":[0,0],"23":[0,1],"24":[1,1],"25":[0,0],"26":[1,0],"27":[0,1],"28":[80,0],"29":[10,70],"30":[5,5],"31":[10,10,10,10,10,10,10,10,10,10],"32":[5,5],"33":[1,9],"34":[0,10],"35":[0,0],"36":[1,10],"37":[1,0],"38":[1,0],"39":[1,0],"40":[0,0],"41":[0,0],"42":[0,0],"43":[0,0],"44":[0,0],"45":[0,0],"46":[1,0],"47":[6,60],"48":[5,1],"49":[1,4],"50":[1,0],"51":[2,20],"52":[1,1],"53":[2,1],"54":[0,2],"55":[0,2],"56":[2,2],"57":[0,0],"58":[1,1],"59":[1,0],"60":[1,1,1],"61":[0,0],"62":[0,0],"63":[0,0],"64":[0,0],"65":[1,1],"66":[2,2],"67":[43,0],"68":[139,0],"69":[1,4],"70":[1,3],"71":[4,3],"72":[1,0],"73":[2,1],"74":[1,0],"75":[1,0,0],"76":[0,0],"77":[0,0],"78":[0,0],"79":[0,0],"80":[3,0],"81":[3,2],"82":[113,0],"83":[417,0],"84":[2,0],"85":[1,10],"86":[0,1],"87":[0,1],"88":[1,1],"89":[0,0],"90":[1,0],"91":[0,0],"92":[0,0,0],"93":[0,0],"94":[0,0],"95":[1,0],"96":[1,1],"97":[20,12],"98":[32,25],"99":[7,5],"100":[0,0],"101":[0,0],"102":[0,0],"103":[0,0],"104":[0,0],"105":[0,0],"106":[0,0,0],"107":[0,0],"108":[0,0],"109":[0,0],"110":[0,0],"111":[0,0],"112":[0,0],"113":[0,0],"114":[0,1]},"f":{"1":13,"2":809,"3":0,"4":0,"5":20,"6":10,"7":1,"8":5,"9":1,"10":3,"11":10,"12":100,"13":0,"14":1,"15":0,"16":0,"17":6,"18":2,"19":0,"20":0,"21":0,"22":0,"23":1,"24":0,"25":0,"26":0,"27":0},"fnMap":{"1":{"name":"getUTC","line":42,"loc":{"start":{"line":42,"column":0},"end":{"line":42,"column":18}}},"2":{"name":"convertHexa","line":47,"loc":{"start":{"line":47,"column":0},"end":{"line":47,"column":42}}},"3":{"name":"(anonymous_3)","line":117,"loc":{"start":{"line":117,"column":123},"end":{"line":117,"column":138}}},"4":{"name":"(anonymous_4)","line":121,"loc":{"start":{"line":121,"column":88},"end":{"line":121,"column":103}}},"5":{"name":"getAction","line":132,"loc":{"start":{"line":132,"column":0},"end":{"line":132,"column":30}}},"6":{"name":"getAtrribute","line":143,"loc":{"start":{"line":143,"column":0},"end":{"line":143,"column":39}}},"7":{"name":"getMeterDeviceStatus","line":166,"loc":{"start":{"line":166,"column":0},"end":{"line":166,"column":57}}},"8":{"name":"getMeterStatusCode","line":181,"loc":{"start":{"line":181,"column":0},"end":{"line":181,"column":54}}},"9":{"name":"getTraDeviceStatus","line":196,"loc":{"start":{"line":196,"column":0},"end":{"line":196,"column":53}}},"10":{"name":"getTransformerStatusCode","line":212,"loc":{"start":{"line":212,"column":0},"end":{"line":212,"column":84}}},"11":{"name":"getActionName","line":230,"loc":{"start":{"line":230,"column":0},"end":{"line":230,"column":44}}},"12":{"name":"getCommValues","line":253,"loc":{"start":{"line":253,"column":0},"end":{"line":253,"column":61}}},"13":{"name":"(anonymous_13)","line":334,"loc":{"start":{"line":334,"column":130},"end":{"line":334,"column":145}}},"14":{"name":"convertJson_Deregister","line":345,"loc":{"start":{"line":345,"column":0},"end":{"line":345,"column":53}}},"15":{"name":"(anonymous_15)","line":394,"loc":{"start":{"line":394,"column":137},"end":{"line":394,"column":152}}},"16":{"name":"(anonymous_16)","line":398,"loc":{"start":{"line":398,"column":100},"end":{"line":398,"column":115}}},"17":{"name":"convertJson_MagerialData","line":427,"loc":{"start":{"line":427,"column":0},"end":{"line":427,"column":55}}},"18":{"name":"convertJson_TransactionData","line":477,"loc":{"start":{"line":477,"column":0},"end":{"line":477,"column":58}}},"19":{"name":"(anonymous_19)","line":537,"loc":{"start":{"line":537,"column":139},"end":{"line":537,"column":154}}},"20":{"name":"(anonymous_20)","line":541,"loc":{"start":{"line":541,"column":96},"end":{"line":541,"column":111}}},"21":{"name":"(anonymous_21)","line":630,"loc":{"start":{"line":630,"column":137},"end":{"line":630,"column":152}}},"22":{"name":"(anonymous_22)","line":634,"loc":{"start":{"line":634,"column":100},"end":{"line":634,"column":115}}},"23":{"name":"convertJson_EventsAlarms","line":686,"loc":{"start":{"line":686,"column":0},"end":{"line":686,"column":55}}},"24":{"name":"(anonymous_24)","line":734,"loc":{"start":{"line":734,"column":139},"end":{"line":734,"column":154}}},"25":{"name":"(anonymous_25)","line":738,"loc":{"start":{"line":738,"column":96},"end":{"line":738,"column":111}}},"26":{"name":"(anonymous_26)","line":821,"loc":{"start":{"line":821,"column":137},"end":{"line":821,"column":152}}},"27":{"name":"(anonymous_27)","line":825,"loc":{"start":{"line":825,"column":100},"end":{"line":825,"column":115}}}},"statementMap":{"1":{"start":{"line":2,"column":0},"end":{"line":2,"column":33}},"2":{"start":{"line":3,"column":0},"end":{"line":3,"column":30}},"3":{"start":{"line":4,"column":0},"end":{"line":4,"column":29}},"4":{"start":{"line":5,"column":0},"end":{"line":5,"column":23}},"5":{"start":{"line":6,"column":0},"end":{"line":6,"column":40}},"6":{"start":{"line":7,"column":0},"end":{"line":7,"column":39}},"7":{"start":{"line":8,"column":0},"end":{"line":8,"column":41}},"8":{"start":{"line":9,"column":0},"end":{"line":9,"column":48}},"9":{"start":{"line":10,"column":0},"end":{"line":10,"column":56}},"10":{"start":{"line":11,"column":0},"end":{"line":11,"column":57}},"11":{"start":{"line":13,"column":0},"end":{"line":13,"column":22}},"12":{"start":{"line":14,"column":0},"end":{"line":14,"column":25}},"13":{"start":{"line":15,"column":0},"end":{"line":15,"column":17}},"14":{"start":{"line":17,"column":0},"end":{"line":17,"column":13}},"15":{"start":{"line":18,"column":0},"end":{"line":18,"column":15}},"16":{"start":{"line":19,"column":0},"end":{"line":19,"column":19}},"17":{"start":{"line":20,"column":0},"end":{"line":20,"column":21}},"18":{"start":{"line":21,"column":0},"end":{"line":21,"column":20}},"19":{"start":{"line":22,"column":0},"end":{"line":22,"column":16}},"20":{"start":{"line":23,"column":0},"end":{"line":23,"column":17}},"21":{"start":{"line":24,"column":0},"end":{"line":24,"column":16}},"22":{"start":{"line":25,"column":0},"end":{"line":25,"column":17}},"23":{"start":{"line":26,"column":0},"end":{"line":26,"column":19}},"24":{"start":{"line":27,"column":0},"end":{"line":27,"column":20}},"25":{"start":{"line":28,"column":0},"end":{"line":28,"column":20}},"26":{"start":{"line":29,"column":0},"end":{"line":29,"column":17}},"27":{"start":{"line":30,"column":0},"end":{"line":30,"column":17}},"28":{"start":{"line":31,"column":0},"end":{"line":31,"column":18}},"29":{"start":{"line":32,"column":0},"end":{"line":32,"column":14}},"30":{"start":{"line":33,"column":0},"end":{"line":33,"column":12}},"31":{"start":{"line":34,"column":0},"end":{"line":34,"column":23}},"32":{"start":{"line":35,"column":0},"end":{"line":35,"column":21}},"33":{"start":{"line":36,"column":0},"end":{"line":36,"column":18}},"34":{"start":{"line":37,"column":0},"end":{"line":37,"column":28}},"35":{"start":{"line":38,"column":0},"end":{"line":38,"column":18}},"36":{"start":{"line":39,"column":0},"end":{"line":39,"column":18}},"37":{"start":{"line":42,"column":0},"end":{"line":44,"column":1}},"38":{"start":{"line":43,"column":4},"end":{"line":43,"column":22}},"39":{"start":{"line":47,"column":0},"end":{"line":128,"column":1}},"40":{"start":{"line":48,"column":4},"end":{"line":48,"column":30}},"41":{"start":{"line":49,"column":4},"end":{"line":49,"column":17}},"42":{"start":{"line":50,"column":4},"end":{"line":127,"column":5}},"43":{"start":{"line":51,"column":8},"end":{"line":112,"column":9}},"44":{"start":{"line":52,"column":12},"end":{"line":53,"column":75}},"45":{"start":{"line":53,"column":16},"end":{"line":53,"column":75}},"46":{"start":{"line":55,"column":13},"end":{"line":112,"column":9}},"47":{"start":{"line":56,"column":12},"end":{"line":56,"column":30}},"48":{"start":{"line":57,"column":12},"end":{"line":57,"column":22}},"49":{"start":{"line":58,"column":12},"end":{"line":61,"column":13}},"50":{"start":{"line":59,"column":16},"end":{"line":59,"column":54}},"51":{"start":{"line":60,"column":16},"end":{"line":60,"column":20}},"52":{"start":{"line":62,"column":12},"end":{"line":62,"column":88}},"53":{"start":{"line":63,"column":12},"end":{"line":63,"column":41}},"54":{"start":{"line":65,"column":13},"end":{"line":112,"column":9}},"55":{"start":{"line":66,"column":12},"end":{"line":67,"column":75}},"56":{"start":{"line":67,"column":16},"end":{"line":67,"column":75}},"57":{"start":{"line":69,"column":12},"end":{"line":69,"column":51}},"58":{"start":{"line":71,"column":13},"end":{"line":112,"column":9}},"59":{"start":{"line":72,"column":12},"end":{"line":84,"column":13}},"60":{"start":{"line":73,"column":16},"end":{"line":73,"column":40}},"61":{"start":{"line":76,"column":16},"end":{"line":76,"column":26}},"62":{"start":{"line":77,"column":16},"end":{"line":83,"column":17}},"63":{"start":{"line":78,"column":20},"end":{"line":78,"column":58}},"64":{"start":{"line":79,"column":20},"end":{"line":82,"column":21}},"65":{"start":{"line":80,"column":24},"end":{"line":80,"column":35}},"66":{"start":{"line":81,"column":24},"end":{"line":81,"column":31}},"67":{"start":{"line":86,"column":13},"end":{"line":112,"column":9}},"68":{"start":{"line":87,"column":12},"end":{"line":87,"column":61}},"69":{"start":{"line":90,"column":12},"end":{"line":110,"column":13}},"70":{"start":{"line":91,"column":16},"end":{"line":91,"column":40}},"71":{"start":{"line":93,"column":17},"end":{"line":110,"column":13}},"72":{"start":{"line":94,"column":16},"end":{"line":94,"column":32}},"73":{"start":{"line":95,"column":16},"end":{"line":95,"column":26}},"74":{"start":{"line":96,"column":16},"end":{"line":99,"column":17}},"75":{"start":{"line":97,"column":20},"end":{"line":97,"column":56}},"76":{"start":{"line":98,"column":20},"end":{"line":98,"column":24}},"77":{"start":{"line":100,"column":16},"end":{"line":100,"column":89}},"78":{"start":{"line":102,"column":17},"end":{"line":110,"column":13}},"79":{"start":{"line":103,"column":16},"end":{"line":103,"column":33}},"80":{"start":{"line":104,"column":16},"end":{"line":104,"column":26}},"81":{"start":{"line":105,"column":16},"end":{"line":108,"column":17}},"82":{"start":{"line":106,"column":20},"end":{"line":106,"column":57}},"83":{"start":{"line":107,"column":20},"end":{"line":107,"column":24}},"84":{"start":{"line":109,"column":16},"end":{"line":109,"column":90}},"85":{"start":{"line":114,"column":8},"end":{"line":114,"column":19}},"86":{"start":{"line":117,"column":8},"end":{"line":126,"column":11}},"87":{"start":{"line":118,"column":12},"end":{"line":125,"column":13}},"88":{"start":{"line":119,"column":16},"end":{"line":119,"column":37}},"89":{"start":{"line":121,"column":16},"end":{"line":124,"column":19}},"90":{"start":{"line":122,"column":20},"end":{"line":123,"column":77}},"91":{"start":{"line":123,"column":24},"end":{"line":123,"column":77}},"92":{"start":{"line":132,"column":0},"end":{"line":140,"column":1}},"93":{"start":{"line":133,"column":4},"end":{"line":138,"column":5}},"94":{"start":{"line":134,"column":8},"end":{"line":137,"column":9}},"95":{"start":{"line":135,"column":12},"end":{"line":135,"column":23}},"96":{"start":{"line":136,"column":12},"end":{"line":136,"column":18}},"97":{"start":{"line":139,"column":4},"end":{"line":139,"column":16}},"98":{"start":{"line":143,"column":0},"end":{"line":163,"column":1}},"99":{"start":{"line":144,"column":4},"end":{"line":161,"column":5}},"100":{"start":{"line":145,"column":8},"end":{"line":155,"column":9}},"101":{"start":{"line":146,"column":12},"end":{"line":146,"column":29}},"102":{"start":{"line":147,"column":12},"end":{"line":147,"column":23}},"103":{"start":{"line":148,"column":12},"end":{"line":154,"column":13}},"104":{"start":{"line":149,"column":16},"end":{"line":153,"column":17}},"105":{"start":{"line":150,"column":20},"end":{"line":150,"column":32}},"106":{"start":{"line":151,"column":20},"end":{"line":151,"column":40}},"107":{"start":{"line":152,"column":20},"end":{"line":152,"column":26}},"108":{"start":{"line":156,"column":8},"end":{"line":160,"column":9}},"109":{"start":{"line":157,"column":12},"end":{"line":157,"column":30}},"110":{"start":{"line":158,"column":12},"end":{"line":158,"column":33}},"111":{"start":{"line":159,"column":12},"end":{"line":159,"column":18}},"112":{"start":{"line":162,"column":4},"end":{"line":162,"column":16}},"113":{"start":{"line":166,"column":0},"end":{"line":178,"column":1}},"114":{"start":{"line":168,"column":4},"end":{"line":177,"column":5}},"115":{"start":{"line":169,"column":8},"end":{"line":169,"column":30}},"116":{"start":{"line":170,"column":8},"end":{"line":170,"column":84}},"117":{"start":{"line":172,"column":9},"end":{"line":177,"column":5}},"118":{"start":{"line":173,"column":8},"end":{"line":176,"column":63}},"119":{"start":{"line":174,"column":12},"end":{"line":174,"column":52}},"120":{"start":{"line":176,"column":12},"end":{"line":176,"column":63}},"121":{"start":{"line":181,"column":0},"end":{"line":193,"column":1}},"122":{"start":{"line":183,"column":4},"end":{"line":183,"column":62}},"123":{"start":{"line":184,"column":4},"end":{"line":184,"column":34}},"124":{"start":{"line":185,"column":4},"end":{"line":185,"column":107}},"125":{"start":{"line":186,"column":4},"end":{"line":186,"column":159}},"126":{"start":{"line":188,"column":4},"end":{"line":188,"column":65}},"127":{"start":{"line":189,"column":4},"end":{"line":189,"column":34}},"128":{"start":{"line":190,"column":4},"end":{"line":190,"column":110}},"129":{"start":{"line":191,"column":4},"end":{"line":191,"column":157}},"130":{"start":{"line":192,"column":4},"end":{"line":192,"column":23}},"131":{"start":{"line":196,"column":0},"end":{"line":209,"column":1}},"132":{"start":{"line":198,"column":4},"end":{"line":207,"column":5}},"133":{"start":{"line":199,"column":8},"end":{"line":199,"column":40}},"134":{"start":{"line":200,"column":8},"end":{"line":200,"column":104}},"135":{"start":{"line":202,"column":9},"end":{"line":207,"column":5}},"136":{"start":{"line":203,"column":8},"end":{"line":206,"column":68}},"137":{"start":{"line":204,"column":12},"end":{"line":204,"column":73}},"138":{"start":{"line":206,"column":12},"end":{"line":206,"column":68}},"139":{"start":{"line":212,"column":0},"end":{"line":227,"column":1}},"140":{"start":{"line":213,"column":4},"end":{"line":213,"column":28}},"141":{"start":{"line":214,"column":4},"end":{"line":214,"column":79}},"142":{"start":{"line":215,"column":4},"end":{"line":215,"column":106}},"143":{"start":{"line":216,"column":4},"end":{"line":216,"column":61}},"144":{"start":{"line":217,"column":4},"end":{"line":217,"column":67}},"145":{"start":{"line":218,"column":4},"end":{"line":218,"column":106}},"146":{"start":{"line":220,"column":4},"end":{"line":220,"column":34}},"147":{"start":{"line":221,"column":4},"end":{"line":221,"column":114}},"148":{"start":{"line":222,"column":4},"end":{"line":222,"column":69}},"149":{"start":{"line":223,"column":4},"end":{"line":223,"column":73}},"150":{"start":{"line":224,"column":4},"end":{"line":224,"column":118}},"151":{"start":{"line":226,"column":4},"end":{"line":226,"column":23}},"152":{"start":{"line":230,"column":0},"end":{"line":250,"column":1}},"153":{"start":{"line":232,"column":4},"end":{"line":232,"column":23}},"154":{"start":{"line":233,"column":4},"end":{"line":248,"column":5}},"155":{"start":{"line":234,"column":8},"end":{"line":247,"column":9}},"156":{"start":{"line":235,"column":12},"end":{"line":235,"column":90}},"157":{"start":{"line":236,"column":12},"end":{"line":245,"column":13}},"158":{"start":{"line":237,"column":16},"end":{"line":237,"column":62}},"159":{"start":{"line":238,"column":16},"end":{"line":238,"column":48}},"160":{"start":{"line":239,"column":16},"end":{"line":242,"column":17}},"161":{"start":{"line":240,"column":20},"end":{"line":240,"column":52}},"162":{"start":{"line":241,"column":20},"end":{"line":241,"column":42}},"163":{"start":{"line":243,"column":16},"end":{"line":243,"column":48}},"164":{"start":{"line":244,"column":16},"end":{"line":244,"column":46}},"165":{"start":{"line":246,"column":12},"end":{"line":246,"column":34}},"166":{"start":{"line":249,"column":4},"end":{"line":249,"column":57}},"167":{"start":{"line":253,"column":0},"end":{"line":342,"column":1}},"168":{"start":{"line":255,"column":4},"end":{"line":255,"column":18}},"169":{"start":{"line":256,"column":4},"end":{"line":256,"column":41}},"170":{"start":{"line":257,"column":4},"end":{"line":341,"column":5}},"171":{"start":{"line":259,"column":12},"end":{"line":259,"column":55}},"172":{"start":{"line":260,"column":12},"end":{"line":260,"column":82}},"173":{"start":{"line":261,"column":12},"end":{"line":261,"column":31}},"174":{"start":{"line":262,"column":12},"end":{"line":262,"column":18}},"175":{"start":{"line":265,"column":12},"end":{"line":265,"column":57}},"176":{"start":{"line":266,"column":12},"end":{"line":266,"column":86}},"177":{"start":{"line":267,"column":12},"end":{"line":267,"column":33}},"178":{"start":{"line":268,"column":12},"end":{"line":268,"column":18}},"179":{"start":{"line":271,"column":12},"end":{"line":271,"column":61}},"180":{"start":{"line":272,"column":12},"end":{"line":272,"column":94}},"181":{"start":{"line":273,"column":12},"end":{"line":273,"column":37}},"182":{"start":{"line":274,"column":12},"end":{"line":274,"column":18}},"183":{"start":{"line":277,"column":12},"end":{"line":277,"column":63}},"184":{"start":{"line":278,"column":12},"end":{"line":278,"column":98}},"185":{"start":{"line":279,"column":12},"end":{"line":279,"column":39}},"186":{"start":{"line":280,"column":12},"end":{"line":280,"column":18}},"187":{"start":{"line":283,"column":12},"end":{"line":283,"column":62}},"188":{"start":{"line":284,"column":12},"end":{"line":284,"column":96}},"189":{"start":{"line":285,"column":12},"end":{"line":285,"column":38}},"190":{"start":{"line":286,"column":12},"end":{"line":286,"column":18}},"191":{"start":{"line":289,"column":12},"end":{"line":289,"column":58}},"192":{"start":{"line":290,"column":12},"end":{"line":290,"column":88}},"193":{"start":{"line":291,"column":12},"end":{"line":291,"column":34}},"194":{"start":{"line":292,"column":12},"end":{"line":292,"column":18}},"195":{"start":{"line":295,"column":12},"end":{"line":295,"column":59}},"196":{"start":{"line":296,"column":12},"end":{"line":296,"column":90}},"197":{"start":{"line":297,"column":12},"end":{"line":297,"column":35}},"198":{"start":{"line":298,"column":12},"end":{"line":298,"column":18}},"199":{"start":{"line":301,"column":12},"end":{"line":301,"column":58}},"200":{"start":{"line":302,"column":12},"end":{"line":302,"column":44}},"201":{"start":{"line":303,"column":12},"end":{"line":310,"column":13}},"202":{"start":{"line":304,"column":16},"end":{"line":304,"column":45}},"203":{"start":{"line":305,"column":16},"end":{"line":305,"column":48}},"204":{"start":{"line":306,"column":16},"end":{"line":306,"column":38}},"205":{"start":{"line":309,"column":16},"end":{"line":309,"column":44}},"206":{"start":{"line":311,"column":12},"end":{"line":311,"column":29}},"207":{"start":{"line":312,"column":12},"end":{"line":312,"column":45}},"208":{"start":{"line":313,"column":12},"end":{"line":313,"column":34}},"209":{"start":{"line":314,"column":12},"end":{"line":314,"column":18}},"210":{"start":{"line":317,"column":12},"end":{"line":317,"column":61}},"211":{"start":{"line":318,"column":12},"end":{"line":318,"column":22}},"212":{"start":{"line":319,"column":12},"end":{"line":319,"column":47}},"213":{"start":{"line":320,"column":12},"end":{"line":327,"column":13}},"214":{"start":{"line":321,"column":16},"end":{"line":321,"column":24}},"215":{"start":{"line":322,"column":16},"end":{"line":322,"column":54}},"216":{"start":{"line":323,"column":16},"end":{"line":323,"column":44}},"217":{"start":{"line":326,"column":16},"end":{"line":326,"column":24}},"218":{"start":{"line":328,"column":12},"end":{"line":328,"column":62}},"219":{"start":{"line":329,"column":12},"end":{"line":329,"column":37}},"220":{"start":{"line":330,"column":12},"end":{"line":330,"column":18}},"221":{"start":{"line":333,"column":12},"end":{"line":339,"column":13}},"222":{"start":{"line":334,"column":16},"end":{"line":338,"column":19}},"223":{"start":{"line":335,"column":20},"end":{"line":337,"column":21}},"224":{"start":{"line":336,"column":24},"end":{"line":336,"column":53}},"225":{"start":{"line":340,"column":12},"end":{"line":340,"column":18}},"226":{"start":{"line":345,"column":0},"end":{"line":424,"column":1}},"227":{"start":{"line":347,"column":4},"end":{"line":347,"column":23}},"228":{"start":{"line":348,"column":4},"end":{"line":348,"column":27}},"229":{"start":{"line":349,"column":4},"end":{"line":349,"column":22}},"230":{"start":{"line":350,"column":4},"end":{"line":350,"column":19}},"231":{"start":{"line":352,"column":4},"end":{"line":352,"column":17}},"232":{"start":{"line":353,"column":4},"end":{"line":422,"column":5}},"233":{"start":{"line":355,"column":8},"end":{"line":421,"column":9}},"234":{"start":{"line":356,"column":12},"end":{"line":356,"column":45}},"235":{"start":{"line":357,"column":12},"end":{"line":357,"column":54}},"236":{"start":{"line":358,"column":12},"end":{"line":358,"column":33}},"237":{"start":{"line":359,"column":12},"end":{"line":359,"column":75}},"238":{"start":{"line":360,"column":12},"end":{"line":360,"column":110}},"239":{"start":{"line":361,"column":12},"end":{"line":361,"column":65}},"240":{"start":{"line":362,"column":12},"end":{"line":362,"column":79}},"241":{"start":{"line":363,"column":12},"end":{"line":363,"column":106}},"242":{"start":{"line":364,"column":12},"end":{"line":364,"column":45}},"243":{"start":{"line":367,"column":12},"end":{"line":367,"column":30}},"244":{"start":{"line":368,"column":12},"end":{"line":407,"column":13}},"245":{"start":{"line":370,"column":16},"end":{"line":370,"column":64}},"246":{"start":{"line":371,"column":16},"end":{"line":371,"column":46}},"247":{"start":{"line":372,"column":16},"end":{"line":372,"column":109}},"248":{"start":{"line":373,"column":16},"end":{"line":373,"column":153}},"249":{"start":{"line":374,"column":16},"end":{"line":374,"column":48}},"250":{"start":{"line":376,"column":16},"end":{"line":376,"column":67}},"251":{"start":{"line":377,"column":16},"end":{"line":377,"column":46}},"252":{"start":{"line":378,"column":16},"end":{"line":378,"column":112}},"253":{"start":{"line":379,"column":16},"end":{"line":379,"column":160}},"254":{"start":{"line":381,"column":16},"end":{"line":406,"column":17}},"255":{"start":{"line":382,"column":20},"end":{"line":382,"column":86}},"256":{"start":{"line":383,"column":20},"end":{"line":383,"column":29}},"257":{"start":{"line":385,"column":21},"end":{"line":406,"column":17}},"258":{"start":{"line":386,"column":20},"end":{"line":386,"column":106}},"259":{"start":{"line":387,"column":20},"end":{"line":387,"column":29}},"260":{"start":{"line":389,"column":21},"end":{"line":406,"column":17}},"261":{"start":{"line":390,"column":20},"end":{"line":390,"column":56}},"262":{"start":{"line":391,"column":20},"end":{"line":391,"column":29}},"263":{"start":{"line":394,"column":20},"end":{"line":404,"column":23}},"264":{"start":{"line":395,"column":24},"end":{"line":403,"column":25}},"265":{"start":{"line":396,"column":28},"end":{"line":396,"column":42}},"266":{"start":{"line":398,"column":28},"end":{"line":402,"column":31}},"267":{"start":{"line":399,"column":32},"end":{"line":401,"column":33}},"268":{"start":{"line":400,"column":36},"end":{"line":400,"column":50}},"269":{"start":{"line":405,"column":20},"end":{"line":405,"column":89}},"270":{"start":{"line":408,"column":12},"end":{"line":412,"column":13}},"271":{"start":{"line":409,"column":16},"end":{"line":409,"column":40}},"272":{"start":{"line":410,"column":16},"end":{"line":410,"column":30}},"273":{"start":{"line":411,"column":16},"end":{"line":411,"column":45}},"274":{"start":{"line":415,"column":12},"end":{"line":415,"column":47}},"275":{"start":{"line":418,"column":12},"end":{"line":418,"column":90}},"276":{"start":{"line":419,"column":12},"end":{"line":419,"column":64}},"277":{"start":{"line":420,"column":12},"end":{"line":420,"column":34}},"278":{"start":{"line":423,"column":4},"end":{"line":423,"column":35}},"279":{"start":{"line":427,"column":0},"end":{"line":474,"column":1}},"280":{"start":{"line":429,"column":4},"end":{"line":429,"column":19}},"281":{"start":{"line":430,"column":4},"end":{"line":430,"column":18}},"282":{"start":{"line":431,"column":4},"end":{"line":431,"column":23}},"283":{"start":{"line":432,"column":4},"end":{"line":432,"column":21}},"284":{"start":{"line":433,"column":4},"end":{"line":433,"column":14}},"285":{"start":{"line":435,"column":4},"end":{"line":435,"column":17}},"286":{"start":{"line":436,"column":4},"end":{"line":436,"column":21}},"287":{"start":{"line":437,"column":4},"end":{"line":472,"column":5}},"288":{"start":{"line":439,"column":8},"end":{"line":471,"column":9}},"289":{"start":{"line":440,"column":12},"end":{"line":464,"column":13}},"290":{"start":{"line":441,"column":16},"end":{"line":457,"column":17}},"291":{"start":{"line":442,"column":20},"end":{"line":442,"column":50}},"292":{"start":{"line":445,"column":20},"end":{"line":445,"column":37}},"293":{"start":{"line":446,"column":20},"end":{"line":446,"column":41}},"294":{"start":{"line":447,"column":20},"end":{"line":447,"column":83}},"295":{"start":{"line":448,"column":20},"end":{"line":448,"column":43}},"296":{"start":{"line":449,"column":20},"end":{"line":454,"column":21}},"297":{"start":{"line":450,"column":24},"end":{"line":450,"column":118}},"298":{"start":{"line":451,"column":24},"end":{"line":451,"column":69}},"299":{"start":{"line":452,"column":24},"end":{"line":452,"column":159}},"300":{"start":{"line":453,"column":24},"end":{"line":453,"column":54}},"301":{"start":{"line":455,"column":20},"end":{"line":455,"column":42}},"302":{"start":{"line":456,"column":20},"end":{"line":456,"column":46}},"303":{"start":{"line":458,"column":16},"end":{"line":458,"column":28}},"304":{"start":{"line":459,"column":16},"end":{"line":459,"column":31}},"305":{"start":{"line":460,"column":16},"end":{"line":460,"column":51}},"306":{"start":{"line":462,"column":17},"end":{"line":464,"column":13}},"307":{"start":{"line":463,"column":16},"end":{"line":463,"column":46}},"308":{"start":{"line":468,"column":12},"end":{"line":468,"column":86}},"309":{"start":{"line":469,"column":12},"end":{"line":469,"column":64}},"310":{"start":{"line":470,"column":12},"end":{"line":470,"column":34}},"311":{"start":{"line":473,"column":4},"end":{"line":473,"column":35}},"312":{"start":{"line":477,"column":0},"end":{"line":683,"column":1}},"313":{"start":{"line":479,"column":4},"end":{"line":479,"column":32}},"314":{"start":{"line":480,"column":4},"end":{"line":480,"column":23}},"315":{"start":{"line":481,"column":4},"end":{"line":481,"column":23}},"316":{"start":{"line":482,"column":4},"end":{"line":482,"column":21}},"317":{"start":{"line":483,"column":4},"end":{"line":483,"column":28}},"318":{"start":{"line":484,"column":4},"end":{"line":484,"column":18}},"319":{"start":{"line":485,"column":4},"end":{"line":485,"column":19}},"320":{"start":{"line":487,"column":4},"end":{"line":487,"column":17}},"321":{"start":{"line":488,"column":4},"end":{"line":681,"column":5}},"322":{"start":{"line":490,"column":8},"end":{"line":680,"column":9}},"323":{"start":{"line":491,"column":12},"end":{"line":493,"column":13}},"324":{"start":{"line":492,"column":16},"end":{"line":492,"column":58}},"325":{"start":{"line":497,"column":12},"end":{"line":497,"column":88}},"326":{"start":{"line":498,"column":12},"end":{"line":498,"column":43}},"327":{"start":{"line":499,"column":12},"end":{"line":499,"column":71}},"328":{"start":{"line":500,"column":12},"end":{"line":500,"column":56}},"329":{"start":{"line":502,"column":12},"end":{"line":548,"column":13}},"330":{"start":{"line":503,"column":16},"end":{"line":503,"column":48}},"331":{"start":{"line":504,"column":16},"end":{"line":504,"column":70}},"332":{"start":{"line":506,"column":16},"end":{"line":506,"column":67}},"333":{"start":{"line":507,"column":19},"end":{"line":548,"column":13}},"334":{"start":{"line":508,"column":16},"end":{"line":508,"column":48}},"335":{"start":{"line":509,"column":16},"end":{"line":509,"column":111}},"336":{"start":{"line":521,"column":17},"end":{"line":548,"column":13}},"337":{"start":{"line":522,"column":16},"end":{"line":522,"column":48}},"338":{"start":{"line":523,"column":16},"end":{"line":523,"column":70}},"339":{"start":{"line":525,"column":16},"end":{"line":525,"column":67}},"340":{"start":{"line":527,"column":17},"end":{"line":548,"column":13}},"341":{"start":{"line":528,"column":16},"end":{"line":528,"column":63}},"342":{"start":{"line":529,"column":19},"end":{"line":548,"column":13}},"343":{"start":{"line":530,"column":16},"end":{"line":530,"column":48}},"344":{"start":{"line":531,"column":16},"end":{"line":531,"column":78}},"345":{"start":{"line":532,"column":19},"end":{"line":548,"column":13}},"346":{"start":{"line":533,"column":16},"end":{"line":533,"column":48}},"347":{"start":{"line":534,"column":16},"end":{"line":534,"column":78}},"348":{"start":{"line":537,"column":16},"end":{"line":546,"column":19}},"349":{"start":{"line":538,"column":20},"end":{"line":545,"column":21}},"350":{"start":{"line":539,"column":24},"end":{"line":539,"column":38}},"351":{"start":{"line":541,"column":24},"end":{"line":544,"column":27}},"352":{"start":{"line":542,"column":28},"end":{"line":543,"column":46}},"353":{"start":{"line":543,"column":32},"end":{"line":543,"column":46}},"354":{"start":{"line":547,"column":16},"end":{"line":547,"column":79}},"355":{"start":{"line":551,"column":12},"end":{"line":570,"column":13}},"356":{"start":{"line":552,"column":16},"end":{"line":560,"column":17}},"357":{"start":{"line":554,"column":20},"end":{"line":559,"column":21}},"358":{"start":{"line":555,"column":24},"end":{"line":555,"column":69}},"359":{"start":{"line":556,"column":24},"end":{"line":556,"column":54}},"360":{"start":{"line":557,"column":24},"end":{"line":557,"column":114}},"361":{"start":{"line":558,"column":24},"end":{"line":558,"column":170}},"362":{"start":{"line":561,"column":16},"end":{"line":569,"column":17}},"363":{"start":{"line":563,"column":20},"end":{"line":568,"column":21}},"364":{"start":{"line":564,"column":24},"end":{"line":564,"column":75}},"365":{"start":{"line":565,"column":24},"end":{"line":565,"column":54}},"366":{"start":{"line":566,"column":24},"end":{"line":566,"column":120}},"367":{"start":{"line":567,"column":24},"end":{"line":567,"column":176}},"368":{"start":{"line":576,"column":12},"end":{"line":576,"column":26}},"369":{"start":{"line":577,"column":12},"end":{"line":664,"column":13}},"370":{"start":{"line":579,"column":16},"end":{"line":579,"column":75}},"371":{"start":{"line":581,"column":16},"end":{"line":642,"column":17}},"372":{"start":{"line":582,"column":20},"end":{"line":582,"column":42}},"373":{"start":{"line":583,"column":20},"end":{"line":583,"column":53}},"374":{"start":{"line":584,"column":20},"end":{"line":584,"column":42}},"375":{"start":{"line":585,"column":20},"end":{"line":585,"column":66}},"376":{"start":{"line":586,"column":23},"end":{"line":642,"column":17}},"377":{"start":{"line":587,"column":20},"end":{"line":587,"column":42}},"378":{"start":{"line":588,"column":20},"end":{"line":588,"column":95}},"379":{"start":{"line":589,"column":20},"end":{"line":589,"column":44}},"380":{"start":{"line":590,"column":20},"end":{"line":590,"column":34}},"381":{"start":{"line":591,"column":20},"end":{"line":591,"column":29}},"382":{"start":{"line":605,"column":21},"end":{"line":642,"column":17}},"383":{"start":{"line":606,"column":20},"end":{"line":606,"column":42}},"384":{"start":{"line":607,"column":20},"end":{"line":607,"column":53}},"385":{"start":{"line":608,"column":20},"end":{"line":608,"column":42}},"386":{"start":{"line":609,"column":20},"end":{"line":609,"column":66}},"387":{"start":{"line":611,"column":21},"end":{"line":642,"column":17}},"388":{"start":{"line":612,"column":20},"end":{"line":612,"column":70}},"389":{"start":{"line":613,"column":20},"end":{"line":613,"column":44}},"390":{"start":{"line":614,"column":20},"end":{"line":614,"column":34}},"391":{"start":{"line":615,"column":20},"end":{"line":615,"column":29}},"392":{"start":{"line":616,"column":23},"end":{"line":642,"column":17}},"393":{"start":{"line":617,"column":20},"end":{"line":617,"column":42}},"394":{"start":{"line":618,"column":20},"end":{"line":618,"column":61}},"395":{"start":{"line":619,"column":20},"end":{"line":619,"column":44}},"396":{"start":{"line":620,"column":20},"end":{"line":620,"column":34}},"397":{"start":{"line":621,"column":20},"end":{"line":621,"column":29}},"398":{"start":{"line":622,"column":23},"end":{"line":642,"column":17}},"399":{"start":{"line":623,"column":20},"end":{"line":623,"column":42}},"400":{"start":{"line":624,"column":20},"end":{"line":624,"column":61}},"401":{"start":{"line":625,"column":20},"end":{"line":625,"column":44}},"402":{"start":{"line":626,"column":20},"end":{"line":626,"column":34}},"403":{"start":{"line":627,"column":20},"end":{"line":627,"column":29}},"404":{"start":{"line":630,"column":20},"end":{"line":640,"column":23}},"405":{"start":{"line":631,"column":24},"end":{"line":639,"column":25}},"406":{"start":{"line":632,"column":28},"end":{"line":632,"column":42}},"407":{"start":{"line":634,"column":28},"end":{"line":638,"column":31}},"408":{"start":{"line":635,"column":32},"end":{"line":637,"column":33}},"409":{"start":{"line":636,"column":36},"end":{"line":636,"column":50}},"410":{"start":{"line":641,"column":20},"end":{"line":641,"column":77}},"411":{"start":{"line":644,"column":16},"end":{"line":663,"column":17}},"412":{"start":{"line":645,"column":20},"end":{"line":652,"column":21}},"413":{"start":{"line":646,"column":24},"end":{"line":651,"column":25}},"414":{"start":{"line":647,"column":28},"end":{"line":647,"column":74}},"415":{"start":{"line":648,"column":28},"end":{"line":648,"column":58}},"416":{"start":{"line":649,"column":28},"end":{"line":649,"column":119}},"417":{"start":{"line":650,"column":28},"end":{"line":650,"column":165}},"418":{"start":{"line":653,"column":20},"end":{"line":660,"column":21}},"419":{"start":{"line":654,"column":24},"end":{"line":659,"column":25}},"420":{"start":{"line":655,"column":28},"end":{"line":655,"column":79}},"421":{"start":{"line":656,"column":28},"end":{"line":656,"column":58}},"422":{"start":{"line":657,"column":28},"end":{"line":657,"column":124}},"423":{"start":{"line":658,"column":28},"end":{"line":658,"column":170}},"424":{"start":{"line":661,"column":20},"end":{"line":661,"column":44}},"425":{"start":{"line":662,"column":20},"end":{"line":662,"column":34}},"426":{"start":{"line":666,"column":12},"end":{"line":666,"column":75}},"427":{"start":{"line":667,"column":12},"end":{"line":667,"column":56}},"428":{"start":{"line":668,"column":12},"end":{"line":668,"column":36}},"429":{"start":{"line":669,"column":12},"end":{"line":671,"column":13}},"430":{"start":{"line":670,"column":16},"end":{"line":670,"column":45}},"431":{"start":{"line":674,"column":12},"end":{"line":674,"column":47}},"432":{"start":{"line":677,"column":12},"end":{"line":677,"column":90}},"433":{"start":{"line":678,"column":12},"end":{"line":678,"column":64}},"434":{"start":{"line":679,"column":12},"end":{"line":679,"column":34}},"435":{"start":{"line":682,"column":4},"end":{"line":682,"column":35}},"436":{"start":{"line":686,"column":0},"end":{"line":877,"column":1}},"437":{"start":{"line":688,"column":4},"end":{"line":688,"column":19}},"438":{"start":{"line":689,"column":4},"end":{"line":689,"column":23}},"439":{"start":{"line":690,"column":4},"end":{"line":690,"column":23}},"440":{"start":{"line":691,"column":4},"end":{"line":691,"column":21}},"441":{"start":{"line":692,"column":4},"end":{"line":692,"column":28}},"442":{"start":{"line":693,"column":4},"end":{"line":693,"column":18}},"443":{"start":{"line":694,"column":4},"end":{"line":694,"column":18}},"444":{"start":{"line":695,"column":4},"end":{"line":695,"column":23}},"445":{"start":{"line":696,"column":4},"end":{"line":696,"column":28}},"446":{"start":{"line":698,"column":4},"end":{"line":698,"column":17}},"447":{"start":{"line":699,"column":4},"end":{"line":875,"column":5}},"448":{"start":{"line":701,"column":8},"end":{"line":874,"column":9}},"449":{"start":{"line":705,"column":12},"end":{"line":705,"column":88}},"450":{"start":{"line":706,"column":12},"end":{"line":706,"column":43}},"451":{"start":{"line":707,"column":12},"end":{"line":707,"column":83}},"452":{"start":{"line":708,"column":12},"end":{"line":708,"column":56}},"453":{"start":{"line":709,"column":12},"end":{"line":709,"column":56}},"454":{"start":{"line":711,"column":12},"end":{"line":745,"column":13}},"455":{"start":{"line":712,"column":16},"end":{"line":712,"column":48}},"456":{"start":{"line":713,"column":16},"end":{"line":713,"column":70}},"457":{"start":{"line":714,"column":19},"end":{"line":745,"column":13}},"458":{"start":{"line":715,"column":16},"end":{"line":715,"column":48}},"459":{"start":{"line":716,"column":16},"end":{"line":716,"column":111}},"460":{"start":{"line":726,"column":17},"end":{"line":745,"column":13}},"461":{"start":{"line":727,"column":16},"end":{"line":727,"column":48}},"462":{"start":{"line":728,"column":16},"end":{"line":728,"column":70}},"463":{"start":{"line":730,"column":17},"end":{"line":745,"column":13}},"464":{"start":{"line":731,"column":16},"end":{"line":731,"column":57}},"465":{"start":{"line":734,"column":16},"end":{"line":743,"column":19}},"466":{"start":{"line":735,"column":20},"end":{"line":742,"column":21}},"467":{"start":{"line":736,"column":24},"end":{"line":736,"column":38}},"468":{"start":{"line":738,"column":24},"end":{"line":741,"column":27}},"469":{"start":{"line":739,"column":28},"end":{"line":740,"column":130}},"470":{"start":{"line":740,"column":32},"end":{"line":740,"column":130}},"471":{"start":{"line":744,"column":16},"end":{"line":744,"column":79}},"472":{"start":{"line":747,"column":12},"end":{"line":775,"column":13}},"473":{"start":{"line":749,"column":16},"end":{"line":749,"column":46}},"474":{"start":{"line":750,"column":16},"end":{"line":750,"column":119}},"475":{"start":{"line":751,"column":16},"end":{"line":751,"column":74}},"476":{"start":{"line":752,"column":16},"end":{"line":752,"column":98}},"477":{"start":{"line":753,"column":16},"end":{"line":753,"column":160}},"478":{"start":{"line":755,"column":16},"end":{"line":755,"column":46}},"479":{"start":{"line":756,"column":16},"end":{"line":756,"column":72}},"480":{"start":{"line":757,"column":16},"end":{"line":757,"column":79}},"481":{"start":{"line":758,"column":16},"end":{"line":758,"column":31}},"482":{"start":{"line":759,"column":16},"end":{"line":759,"column":36}},"483":{"start":{"line":760,"column":16},"end":{"line":774,"column":17}},"484":{"start":{"line":762,"column":20},"end":{"line":762,"column":82}},"485":{"start":{"line":763,"column":20},"end":{"line":771,"column":21}},"486":{"start":{"line":764,"column":24},"end":{"line":767,"column":111}},"487":{"start":{"line":765,"column":28},"end":{"line":765,"column":91}},"488":{"start":{"line":766,"column":29},"end":{"line":767,"column":111}},"489":{"start":{"line":767,"column":28},"end":{"line":767,"column":111}},"490":{"start":{"line":769,"column":24},"end":{"line":769,"column":33}},"491":{"start":{"line":770,"column":24},"end":{"line":770,"column":28}},"492":{"start":{"line":772,"column":20},"end":{"line":772,"column":41}},"493":{"start":{"line":773,"column":20},"end":{"line":773,"column":31}},"494":{"start":{"line":776,"column":12},"end":{"line":776,"column":56}},"495":{"start":{"line":777,"column":12},"end":{"line":777,"column":36}},"496":{"start":{"line":781,"column":12},"end":{"line":781,"column":31}},"497":{"start":{"line":783,"column":12},"end":{"line":783,"column":26}},"498":{"start":{"line":784,"column":12},"end":{"line":864,"column":13}},"499":{"start":{"line":786,"column":16},"end":{"line":786,"column":75}},"500":{"start":{"line":787,"column":16},"end":{"line":787,"column":55}},"501":{"start":{"line":789,"column":16},"end":{"line":832,"column":17}},"502":{"start":{"line":790,"column":20},"end":{"line":790,"column":42}},"503":{"start":{"line":791,"column":20},"end":{"line":791,"column":53}},"504":{"start":{"line":792,"column":23},"end":{"line":832,"column":17}},"505":{"start":{"line":793,"column":20},"end":{"line":793,"column":42}},"506":{"start":{"line":794,"column":20},"end":{"line":794,"column":95}},"507":{"start":{"line":795,"column":20},"end":{"line":795,"column":44}},"508":{"start":{"line":796,"column":20},"end":{"line":796,"column":34}},"509":{"start":{"line":797,"column":20},"end":{"line":797,"column":29}},"510":{"start":{"line":810,"column":21},"end":{"line":832,"column":17}},"511":{"start":{"line":811,"column":20},"end":{"line":811,"column":42}},"512":{"start":{"line":812,"column":20},"end":{"line":812,"column":53}},"513":{"start":{"line":814,"column":21},"end":{"line":832,"column":17}},"514":{"start":{"line":815,"column":20},"end":{"line":815,"column":64}},"515":{"start":{"line":816,"column":20},"end":{"line":816,"column":44}},"516":{"start":{"line":817,"column":20},"end":{"line":817,"column":34}},"517":{"start":{"line":818,"column":20},"end":{"line":818,"column":29}},"518":{"start":{"line":821,"column":20},"end":{"line":830,"column":23}},"519":{"start":{"line":822,"column":24},"end":{"line":829,"column":25}},"520":{"start":{"line":823,"column":28},"end":{"line":823,"column":42}},"521":{"start":{"line":825,"column":28},"end":{"line":828,"column":31}},"522":{"start":{"line":826,"column":32},"end":{"line":827,"column":121}},"523":{"start":{"line":827,"column":36},"end":{"line":827,"column":121}},"524":{"start":{"line":831,"column":20},"end":{"line":831,"column":77}},"525":{"start":{"line":834,"column":16},"end":{"line":863,"column":17}},"526":{"start":{"line":835,"column":20},"end":{"line":835,"column":50}},"527":{"start":{"line":836,"column":20},"end":{"line":836,"column":123}},"528":{"start":{"line":837,"column":20},"end":{"line":837,"column":78}},"529":{"start":{"line":838,"column":20},"end":{"line":838,"column":96}},"530":{"start":{"line":839,"column":20},"end":{"line":839,"column":148}},"531":{"start":{"line":841,"column":20},"end":{"line":841,"column":50}},"532":{"start":{"line":842,"column":20},"end":{"line":842,"column":76}},"533":{"start":{"line":843,"column":20},"end":{"line":843,"column":83}},"534":{"start":{"line":844,"column":20},"end":{"line":844,"column":31}},"535":{"start":{"line":845,"column":20},"end":{"line":845,"column":40}},"536":{"start":{"line":846,"column":20},"end":{"line":860,"column":21}},"537":{"start":{"line":848,"column":24},"end":{"line":848,"column":86}},"538":{"start":{"line":849,"column":24},"end":{"line":857,"column":25}},"539":{"start":{"line":850,"column":28},"end":{"line":853,"column":106}},"540":{"start":{"line":851,"column":32},"end":{"line":851,"column":86}},"541":{"start":{"line":852,"column":33},"end":{"line":853,"column":106}},"542":{"start":{"line":853,"column":32},"end":{"line":853,"column":106}},"543":{"start":{"line":855,"column":28},"end":{"line":855,"column":37}},"544":{"start":{"line":856,"column":28},"end":{"line":856,"column":32}},"545":{"start":{"line":858,"column":24},"end":{"line":858,"column":45}},"546":{"start":{"line":859,"column":24},"end":{"line":859,"column":35}},"547":{"start":{"line":861,"column":20},"end":{"line":861,"column":44}},"548":{"start":{"line":862,"column":20},"end":{"line":862,"column":34}},"549":{"start":{"line":865,"column":12},"end":{"line":867,"column":13}},"550":{"start":{"line":866,"column":16},"end":{"line":866,"column":45}},"551":{"start":{"line":871,"column":12},"end":{"line":871,"column":90}},"552":{"start":{"line":872,"column":12},"end":{"line":872,"column":64}},"553":{"start":{"line":873,"column":12},"end":{"line":873,"column":34}},"554":{"start":{"line":876,"column":4},"end":{"line":876,"column":35}},"555":{"start":{"line":879,"column":0},"end":{"line":886,"column":1}}},"branchMap":{"1":{"line":51,"type":"if","locations":[{"start":{"line":51,"column":8},"end":{"line":51,"column":8}},{"start":{"line":51,"column":8},"end":{"line":51,"column":8}}]},"2":{"line":55,"type":"if","locations":[{"start":{"line":55,"column":13},"end":{"line":55,"column":13}},{"start":{"line":55,"column":13},"end":{"line":55,"column":13}}]},"3":{"line":65,"type":"if","locations":[{"start":{"line":65,"column":13},"end":{"line":65,"column":13}},{"start":{"line":65,"column":13},"end":{"line":65,"column":13}}]},"4":{"line":71,"type":"if","locations":[{"start":{"line":71,"column":13},"end":{"line":71,"column":13}},{"start":{"line":71,"column":13},"end":{"line":71,"column":13}}]},"5":{"line":72,"type":"if","locations":[{"start":{"line":72,"column":12},"end":{"line":72,"column":12}},{"start":{"line":72,"column":12},"end":{"line":72,"column":12}}]},"6":{"line":79,"type":"if","locations":[{"start":{"line":79,"column":20},"end":{"line":79,"column":20}},{"start":{"line":79,"column":20},"end":{"line":79,"column":20}}]},"7":{"line":86,"type":"if","locations":[{"start":{"line":86,"column":13},"end":{"line":86,"column":13}},{"start":{"line":86,"column":13},"end":{"line":86,"column":13}}]},"8":{"line":90,"type":"if","locations":[{"start":{"line":90,"column":12},"end":{"line":90,"column":12}},{"start":{"line":90,"column":12},"end":{"line":90,"column":12}}]},"9":{"line":93,"type":"if","locations":[{"start":{"line":93,"column":17},"end":{"line":93,"column":17}},{"start":{"line":93,"column":17},"end":{"line":93,"column":17}}]},"10":{"line":102,"type":"if","locations":[{"start":{"line":102,"column":17},"end":{"line":102,"column":17}},{"start":{"line":102,"column":17},"end":{"line":102,"column":17}}]},"11":{"line":118,"type":"if","locations":[{"start":{"line":118,"column":12},"end":{"line":118,"column":12}},{"start":{"line":118,"column":12},"end":{"line":118,"column":12}}]},"12":{"line":122,"type":"if","locations":[{"start":{"line":122,"column":20},"end":{"line":122,"column":20}},{"start":{"line":122,"column":20},"end":{"line":122,"column":20}}]},"13":{"line":134,"type":"if","locations":[{"start":{"line":134,"column":8},"end":{"line":134,"column":8}},{"start":{"line":134,"column":8},"end":{"line":134,"column":8}}]},"14":{"line":145,"type":"if","locations":[{"start":{"line":145,"column":8},"end":{"line":145,"column":8}},{"start":{"line":145,"column":8},"end":{"line":145,"column":8}}]},"15":{"line":149,"type":"if","locations":[{"start":{"line":149,"column":16},"end":{"line":149,"column":16}},{"start":{"line":149,"column":16},"end":{"line":149,"column":16}}]},"16":{"line":156,"type":"if","locations":[{"start":{"line":156,"column":8},"end":{"line":156,"column":8}},{"start":{"line":156,"column":8},"end":{"line":156,"column":8}}]},"17":{"line":156,"type":"binary-expr","locations":[{"start":{"line":156,"column":12},"end":{"line":156,"column":21}},{"start":{"line":156,"column":25},"end":{"line":156,"column":37}}]},"18":{"line":168,"type":"if","locations":[{"start":{"line":168,"column":4},"end":{"line":168,"column":4}},{"start":{"line":168,"column":4},"end":{"line":168,"column":4}}]},"19":{"line":168,"type":"binary-expr","locations":[{"start":{"line":168,"column":8},"end":{"line":168,"column":27}},{"start":{"line":168,"column":31},"end":{"line":168,"column":50}}]},"20":{"line":170,"type":"cond-expr","locations":[{"start":{"line":170,"column":53},"end":{"line":170,"column":66}},{"start":{"line":170,"column":69},"end":{"line":170,"column":83}}]},"21":{"line":172,"type":"if","locations":[{"start":{"line":172,"column":9},"end":{"line":172,"column":9}},{"start":{"line":172,"column":9},"end":{"line":172,"column":9}}]},"22":{"line":173,"type":"if","locations":[{"start":{"line":173,"column":8},"end":{"line":173,"column":8}},{"start":{"line":173,"column":8},"end":{"line":173,"column":8}}]},"23":{"line":198,"type":"if","locations":[{"start":{"line":198,"column":4},"end":{"line":198,"column":4}},{"start":{"line":198,"column":4},"end":{"line":198,"column":4}}]},"24":{"line":198,"type":"binary-expr","locations":[{"start":{"line":198,"column":8},"end":{"line":198,"column":26}},{"start":{"line":198,"column":30},"end":{"line":198,"column":48}}]},"25":{"line":200,"type":"cond-expr","locations":[{"start":{"line":200,"column":73},"end":{"line":200,"column":86}},{"start":{"line":200,"column":89},"end":{"line":200,"column":103}}]},"26":{"line":202,"type":"if","locations":[{"start":{"line":202,"column":9},"end":{"line":202,"column":9}},{"start":{"line":202,"column":9},"end":{"line":202,"column":9}}]},"27":{"line":203,"type":"if","locations":[{"start":{"line":203,"column":8},"end":{"line":203,"column":8}},{"start":{"line":203,"column":8},"end":{"line":203,"column":8}}]},"28":{"line":234,"type":"if","locations":[{"start":{"line":234,"column":8},"end":{"line":234,"column":8}},{"start":{"line":234,"column":8},"end":{"line":234,"column":8}}]},"29":{"line":236,"type":"if","locations":[{"start":{"line":236,"column":12},"end":{"line":236,"column":12}},{"start":{"line":236,"column":12},"end":{"line":236,"column":12}}]},"30":{"line":239,"type":"if","locations":[{"start":{"line":239,"column":16},"end":{"line":239,"column":16}},{"start":{"line":239,"column":16},"end":{"line":239,"column":16}}]},"31":{"line":257,"type":"switch","locations":[{"start":{"line":258,"column":8},"end":{"line":262,"column":18}},{"start":{"line":264,"column":8},"end":{"line":268,"column":18}},{"start":{"line":270,"column":8},"end":{"line":274,"column":18}},{"start":{"line":276,"column":8},"end":{"line":280,"column":18}},{"start":{"line":282,"column":8},"end":{"line":286,"column":18}},{"start":{"line":288,"column":8},"end":{"line":292,"column":18}},{"start":{"line":294,"column":8},"end":{"line":298,"column":18}},{"start":{"line":300,"column":8},"end":{"line":314,"column":18}},{"start":{"line":316,"column":8},"end":{"line":330,"column":18}},{"start":{"line":332,"column":8},"end":{"line":340,"column":18}}]},"32":{"line":303,"type":"if","locations":[{"start":{"line":303,"column":12},"end":{"line":303,"column":12}},{"start"
[...]
"column":23},"end":{"line":586,"column":23}},{"start":{"line":586,"column":23},"end":{"line":586,"column":23}}]},"71":{"line":586,"type":"binary-expr","locations":[{"start":{"line":586,"column":27},"end":{"line":586,"column":45}},{"start":{"line":586,"column":49},"end":{"line":586,"column":67}}]},"72":{"line":588,"type":"cond-expr","locations":[{"start":{"line":588,"column":64},"end":{"line":588,"column":77}},{"start":{"line":588,"column":80},"end":{"line":588,"column":94}}]},"73":{"line":605,"type":"if","locations":[{"start":{"line":605,"column":21},"end":{"line":605,"column":21}},{"start":{"line":605,"column":21},"end":{"line":605,"column":21}}]},"74":{"line":611,"type":"if","locations":[{"start":{"line":611,"column":21},"end":{"line":611,"column":21}},{"start":{"line":611,"column":21},"end":{"line":611,"column":21}}]},"75":{"line":611,"type":"binary-expr","locations":[{"start":{"line":611,"column":25},"end":{"line":611,"column":43}},{"start":{"line":611,"column":47},"end":{"line":611,"column":65}},{"start":{"line":611,"column":69},"end":{"line":611,"column":88}}]},"76":{"line":616,"type":"if","locations":[{"start":{"line":616,"column":23},"end":{"line":616,"column":23}},{"start":{"line":616,"column":23},"end":{"line":616,"column":23}}]},"77":{"line":622,"type":"if","locations":[{"start":{"line":622,"column":23},"end":{"line":622,"column":23}},{"start":{"line":622,"column":23},"end":{"line":622,"column":23}}]},"78":{"line":631,"type":"if","locations":[{"start":{"line":631,"column":24},"end":{"line":631,"column":24}},{"start":{"line":631,"column":24},"end":{"line":631,"column":24}}]},"79":{"line":635,"type":"if","locations":[{"start":{"line":635,"column":32},"end":{"line":635,"column":32}},{"start":{"line":635,"column":32},"end":{"line":635,"column":32}}]},"80":{"line":644,"type":"if","locations":[{"start":{"line":644,"column":16},"end":{"line":644,"column":16}},{"start":{"line":644,"column":16},"end":{"line":644,"column":16}}]},"81":{"line":644,"type":"binary-expr","locations":[{"start":{"line":644,"column":20},"end":{"line":644,"column":38}},{"start":{"line":644,"column":42},"end":{"line":644,"column":60}}]},"82":{"line":646,"type":"if","locations":[{"start":{"line":646,"column":24},"end":{"line":646,"column":24}},{"start":{"line":646,"column":24},"end":{"line":646,"column":24}}]},"83":{"line":654,"type":"if","locations":[{"start":{"line":654,"column":24},"end":{"line":654,"column":24}},{"start":{"line":654,"column":24},"end":{"line":654,"column":24}}]},"84":{"line":669,"type":"if","locations":[{"start":{"line":669,"column":12},"end":{"line":669,"column":12}},{"start":{"line":669,"column":12},"end":{"line":669,"column":12}}]},"85":{"line":701,"type":"if","locations":[{"start":{"line":701,"column":8},"end":{"line":701,"column":8}},{"start":{"line":701,"column":8},"end":{"line":701,"column":8}}]},"86":{"line":711,"type":"if","locations":[{"start":{"line":711,"column":12},"end":{"line":711,"column":12}},{"start":{"line":711,"column":12},"end":{"line":711,"column":12}}]},"87":{"line":714,"type":"if","locations":[{"start":{"line":714,"column":19},"end":{"line":714,"column":19}},{"start":{"line":714,"column":19},"end":{"line":714,"column":19}}]},"88":{"line":714,"type":"binary-expr","locations":[{"start":{"line":714,"column":23},"end":{"line":714,"column":40}},{"start":{"line":714,"column":44},"end":{"line":714,"column":61}}]},"89":{"line":716,"type":"cond-expr","locations":[{"start":{"line":716,"column":80},"end":{"line":716,"column":93}},{"start":{"line":716,"column":96},"end":{"line":716,"column":110}}]},"90":{"line":726,"type":"if","locations":[{"start":{"line":726,"column":17},"end":{"line":726,"column":17}},{"start":{"line":726,"column":17},"end":{"line":726,"column":17}}]},"91":{"line":730,"type":"if","locations":[{"start":{"line":730,"column":17},"end":{"line":730,"column":17}},{"start":{"line":730,"column":17},"end":{"line":730,"column":17}}]},"92":{"line":730,"type":"binary-expr","locations":[{"start":{"line":730,"column":21},"end":{"line":730,"column":38}},{"start":{"line":730,"column":42},"end":{"line":730,"column":59}},{"start":{"line":730,"column":63},"end":{"line":730,"column":81}}]},"93":{"line":735,"type":"if","locations":[{"start":{"line":735,"column":20},"end":{"line":735,"column":20}},{"start":{"line":735,"column":20},"end":{"line":735,"column":20}}]},"94":{"line":739,"type":"if","locations":[{"start":{"line":739,"column":28},"end":{"line":739,"column":28}},{"start":{"line":739,"column":28},"end":{"line":739,"column":28}}]},"95":{"line":747,"type":"if","locations":[{"start":{"line":747,"column":12},"end":{"line":747,"column":12}},{"start":{"line":747,"column":12},"end":{"line":747,"column":12}}]},"96":{"line":747,"type":"binary-expr","locations":[{"start":{"line":747,"column":16},"end":{"line":747,"column":33}},{"start":{"line":747,"column":37},"end":{"line":747,"column":54}}]},"97":{"line":764,"type":"if","locations":[{"start":{"line":764,"column":24},"end":{"line":764,"column":24}},{"start":{"line":764,"column":24},"end":{"line":764,"column":24}}]},"98":{"line":764,"type":"binary-expr","locations":[{"start":{"line":764,"column":28},"end":{"line":764,"column":57}},{"start":{"line":764,"column":61},"end":{"line":764,"column":109}}]},"99":{"line":766,"type":"if","locations":[{"start":{"line":766,"column":29},"end":{"line":766,"column":29}},{"start":{"line":766,"column":29},"end":{"line":766,"column":29}}]},"100":{"line":789,"type":"if","locations":[{"start":{"line":789,"column":16},"end":{"line":789,"column":16}},{"start":{"line":789,"column":16},"end":{"line":789,"column":16}}]},"101":{"line":792,"type":"if","locations":[{"start":{"line":792,"column":23},"end":{"line":792,"column":23}},{"start":{"line":792,"column":23},"end":{"line":792,"column":23}}]},"102":{"line":792,"type":"binary-expr","locations":[{"start":{"line":792,"column":27},"end":{"line":792,"column":45}},{"start":{"line":792,"column":49},"end":{"line":792,"column":67}}]},"103":{"line":794,"type":"cond-expr","locations":[{"start":{"line":794,"column":64},"end":{"line":794,"column":77}},{"start":{"line":794,"column":80},"end":{"line":794,"column":94}}]},"104":{"line":810,"type":"if","locations":[{"start":{"line":810,"column":21},"end":{"line":810,"column":21}},{"start":{"line":810,"column":21},"end":{"line":810,"column":21}}]},"105":{"line":814,"type":"if","locations":[{"start":{"line":814,"column":21},"end":{"line":814,"column":21}},{"start":{"line":814,"column":21},"end":{"line":814,"column":21}}]},"106":{"line":814,"type":"binary-expr","locations":[{"start":{"line":814,"column":25},"end":{"line":814,"column":43}},{"start":{"line":814,"column":47},"end":{"line":814,"column":65}},{"start":{"line":814,"column":69},"end":{"line":814,"column":88}}]},"107":{"line":822,"type":"if","locations":[{"start":{"line":822,"column":24},"end":{"line":822,"column":24}},{"start":{"line":822,"column":24},"end":{"line":822,"column":24}}]},"108":{"line":826,"type":"if","locations":[{"start":{"line":826,"column":32},"end":{"line":826,"column":32}},{"start":{"line":826,"column":32},"end":{"line":826,"column":32}}]},"109":{"line":834,"type":"if","locations":[{"start":{"line":834,"column":16},"end":{"line":834,"column":16}},{"start":{"line":834,"column":16},"end":{"line":834,"column":16}}]},"110":{"line":834,"type":"binary-expr","locations":[{"start":{"line":834,"column":20},"end":{"line":834,"column":38}},{"start":{"line":834,"column":42},"end":{"line":834,"column":60}}]},"111":{"line":850,"type":"if","locations":[{"start":{"line":850,"column":28},"end":{"line":850,"column":28}},{"start":{"line":850,"column":28},"end":{"line":850,"column":28}}]},"112":{"line":850,"type":"binary-expr","locations":[{"start":{"line":850,"column":32},"end":{"line":850,"column":61}},{"start":{"line":850,"column":65},"end":{"line":850,"column":114}}]},"113":{"line":852,"type":"if","locations":[{"start":{"line":852,"column":33},"end":{"line":852,"column":33}},{"start":{"line":852,"column":33},"end":{"line":852,"column":33}}]},"114":{"line":865,"type":"if","locations":[{"start":{"line":865,"column":12},"end":{"line":865,"column":12}},{"start":{"line":865,"column":12},"end":{"line":865,"column":12}}]}}},"/home/ltts/IoTReceiver/db/dbInsert.js":{"path":"/home/ltts/IoTReceiver/db/dbInsert.js","s":{"1":1,"2":1,"3":1,"4":1,"5":1,"6":1,"7":12,"8":12,"9":12,"10":0,"11":12,"12":12,"13":12,"14":0,"15":0,"16":12,"17":12,"18":1,"19":2,"20":2,"21":2,"22":0,"23":2,"24":2,"25":2,"26":0,"27":0,"28":2,"29":2,"30":1},"b":{"1":[0,12],"2":[0,12],"3":[0,2],"4":[0,2]},"f":{"1":12,"2":12,"3":12,"4":2,"5":2,"6":2},"fnMap":{"1":{"name":"(anonymous_1)","line":8,"loc":{"start":{"line":8,"column":16},"end":{"line":8,"column":57}}},"2":{"name":"(anonymous_2)","line":12,"loc":{"start":{"line":12,"column":35},"end":{"line":12,"column":54}}},"3":{"name":"(anonymous_3)","line":17,"loc":{"start":{"line":17,"column":35},"end":{"line":17,"column":50}}},"4":{"name":"(anonymous_4)","line":33,"loc":{"start":{"line":33,"column":15},"end":{"line":33,"column":56}}},"5":{"name":"(anonymous_5)","line":36,"loc":{"start":{"line":36,"column":35},"end":{"line":36,"column":54}}},"6":{"name":"(anonymous_6)","line":41,"loc":{"start":{"line":41,"column":41},"end":{"line":41,"column":64}}}},"statementMap":{"1":{"start":{"line":1,"column":0},"end":{"line":1,"column":33}},"2":{"start":{"line":2,"column":0},"end":{"line":2,"column":30}},"3":{"start":{"line":3,"column":0},"end":{"line":3,"column":33}},"4":{"start":{"line":4,"column":0},"end":{"line":4,"column":38}},"5":{"start":{"line":5,"column":0},"end":{"line":5,"column":48}},"6":{"start":{"line":8,"column":0},"end":{"line":30,"column":2}},"7":{"start":{"line":9,"column":4},"end":{"line":9,"column":50}},"8":{"start":{"line":12,"column":4},"end":{"line":28,"column":7}},"9":{"start":{"line":13,"column":8},"end":{"line":27,"column":9}},"10":{"start":{"line":14,"column":12},"end":{"line":14,"column":39}},"11":{"start":{"line":16,"column":12},"end":{"line":16,"column":59}},"12":{"start":{"line":17,"column":12},"end":{"line":26,"column":15}},"13":{"start":{"line":18,"column":16},"end":{"line":24,"column":17}},"14":{"start":{"line":19,"column":20},"end":{"line":19,"column":31}},"15":{"start":{"line":20,"column":20},"end":{"line":20,"column":47}},"16":{"start":{"line":22,"column":20},"end":{"line":22,"column":31}},"17":{"start":{"line":23,"column":20},"end":{"line":23,"column":54}},"18":{"start":{"line":33,"column":0},"end":{"line":54,"column":2}},"19":{"start":{"line":34,"column":4},"end":{"line":34,"column":50}},"20":{"start":{"line":36,"column":4},"end":{"line":52,"column":7}},"21":{"start":{"line":37,"column":8},"end":{"line":51,"column":9}},"22":{"start":{"line":38,"column":12},"end":{"line":38,"column":39}},"23":{"start":{"line":40,"column":12},"end":{"line":40,"column":59}},"24":{"start":{"line":41,"column":12},"end":{"line":50,"column":15}},"25":{"start":{"line":42,"column":16},"end":{"line":48,"column":17}},"26":{"start":{"line":43,"column":20},"end":{"line":43,"column":31}},"27":{"start":{"line":44,"column":20},"end":{"line":44,"column":47}},"28":{"start":{"line":46,"column":20},"end":{"line":46,"column":31}},"29":{"start":{"line":47,"column":20},"end":{"line":47,"column":50}},"30":{"start":{"line":56,"column":0},"end":{"line":59,"column":1}}},"branchMap":{"1":{"line":13,"type":"if","locations":[{"start":{"line":13,"column":8},"end":{"line":13,"column":8}},{"start":{"line":13,"column":8},"end":{"line":13,"column":8}}]},"2":{"line":18,"type":"if","locations":[{"start":{"line":18,"column":16},"end":{"line":18,"column":16}},{"start":{"line":18,"column":16},"end":{"line":18,"column":16}}]},"3":{"line":37,"type":"if","locations":[{"start":{"line":37,"column":8},"end":{"line":37,"column":8}},{"start":{"line":37,"column":8},"end":{"line":37,"column":8}}]},"4":{"line":42,"type":"if","locations":[{"start":{"line":42,"column":16},"end":{"line":42,"column":16}},{"start":{"line":42,"column":16},"end":{"line":42,"column":16}}]}}},"/home/ltts/IoTReceiver/config/config.js":{"path":"/home/ltts/IoTReceiver/config/config.js","s":{"1":1,"2":1,"3":1,"4":1,"5":1,"6":1,"7":1,"8":1,"9":1,"10":1,"11":1,"12":1,"13":1,"14":1,"15":1,"16":1,"17":1,"18":1,"19":1,"20":1,"21":1,"22":1,"23":1,"24":1,"25":1,"26":1,"27":1,"28":1,"29":1,"30":1,"31":1,"32":1,"33":1,"34":1},"b":{},"f":{},"fnMap":{},"statementMap":{"1":{"start":{"line":1,"column":0},"end":{"line":1,"column":173}},"2":{"start":{"line":5,"column":0},"end":{"line":5,"column":40}},"3":{"start":{"line":6,"column":0},"end":{"line":6,"column":34}},"4":{"start":{"line":7,"column":0},"end":{"line":7,"column":38}},"5":{"start":{"line":11,"column":0},"end":{"line":11,"column":64}},"6":{"start":{"line":15,"column":0},"end":{"line":15,"column":25}},"7":{"start":{"line":16,"column":0},"end":{"line":16,"column":41}},"8":{"start":{"line":17,"column":0},"end":{"line":17,"column":31}},"9":{"start":{"line":20,"column":0},"end":{"line":20,"column":58}},"10":{"start":{"line":24,"column":0},"end":{"line":24,"column":103}},"11":{"start":{"line":29,"column":0},"end":{"line":29,"column":30}},"12":{"start":{"line":30,"column":0},"end":{"line":30,"column":42}},"13":{"start":{"line":31,"column":0},"end":{"line":31,"column":47}},"14":{"start":{"line":32,"column":0},"end":{"line":32,"column":61}},"15":{"start":{"line":33,"column":0},"end":{"line":33,"column":41}},"16":{"start":{"line":34,"column":0},"end":{"line":34,"column":37}},"17":{"start":{"line":35,"column":0},"end":{"line":35,"column":40}},"18":{"start":{"line":36,"column":0},"end":{"line":36,"column":28}},"19":{"start":{"line":39,"column":0},"end":{"line":39,"column":36}},"20":{"start":{"line":40,"column":0},"end":{"line":40,"column":28}},"21":{"start":{"line":41,"column":0},"end":{"line":41,"column":38}},"22":{"start":{"line":42,"column":0},"end":{"line":42,"column":62}},"23":{"start":{"line":43,"column":0},"end":{"line":43,"column":41}},"24":{"start":{"line":44,"column":0},"end":{"line":44,"column":49}},"25":{"start":{"line":45,"column":0},"end":{"line":45,"column":50}},"26":{"start":{"line":46,"column":0},"end":{"line":46,"column":60}},"27":{"start":{"line":47,"column":0},"end":{"line":47,"column":45}},"28":{"start":{"line":48,"column":0},"end":{"line":48,"column":70}},"29":{"start":{"line":49,"column":0},"end":{"line":49,"column":47}},"30":{"start":{"line":50,"column":0},"end":{"line":50,"column":59}},"31":{"start":{"line":51,"column":0},"end":{"line":51,"column":54}},"32":{"start":{"line":52,"column":0},"end":{"line":52,"column":42}},"33":{"start":{"line":55,"column":0},"end":{"line":55,"column":36}},"34":{"start":{"line":57,"column":0},"end":{"line":83,"column":1}}},"branchMap":{}},"/home/ltts/IoTReceiver/routes/postManagerial.js":{"path":"/home/ltts/IoTReceiver/routes/postManagerial.js","s":{"1":1,"2":1,"3":1,"4":1,"5":9,"6":9,"7":9,"8":9,"9":9,"10":9,"11":9,"12":5,"13":9,"14":9,"15":9,"16":5,"17":1,"18":4,"19":4,"20":4,"21":9,"22":9,"23":0,"24":1},"b":{"1":[0,1],"2":[1,4]},"f":{"1":9,"2":9,"3":5,"4":9},"fnMap":{"1":{"name":"postManagerialData","line":7,"loc":{"start":{"line":7,"column":0},"end":{"line":7,"column":58}}},"2":{"name":"(anonymous_2)","line":22,"loc":{"start":{"line":22,"column":51},"end":{"line":22,"column":66}}},"3":{"name":"(anonymous_3)","line":26,"loc":{"start":{"line":26,"column":27},"end":{"line":26,"column":48}}},"4":{"name":"(anonymous_4)","line":30,"loc":{"start":{"line":30,"column":26},"end":{"line":30,"column":38}}}},"statementMap":{"1":{"start":{"line":1,"column":0},"end":{"line":1,"column":33}},"2":{"start":{"line":3,"column":0},"end":{"line":3,"column":48}},"3":{"start":{"line":5,"column":0},"end":{"line":5,"column":83}},"4":{"start":{"line":7,"column":0},"end":{"line":56,"column":1}},"5":{"start":{"line":8,"column":4},"end":{"line":8,"column":56}},"6":{"start":{"line":10,"column":4},"end":{"line":19,"column":6}},"7":{"start":{"line":20,"column":4},"end":{"line":55,"column":5}},"8":{"start":{"line":22,"column":8},"end":{"line":45,"column":11}},"9":{"start":{"line":23,"column":12},"end":{"line":23,"column":36}},"10":{"start":{"line":25,"column":12},"end":{"line":25,"column":36}},"11":{"start":{"line":26,"column":12},"end":{"line":28,"column":15}},"12":{"start":{"line":27,"column":16},"end":{"line":27,"column":44}},"13":{"start":{"line":30,"column":12},"end":{"line":44,"column":15}},"14":{"start":{"line":31,"column":16},"end":{"line":43,"column":17}},"15":{"start":{"line":32,"column":20},"end":{"line":32,"column":68}},"16":{"start":{"line":33,"column":20},"end":{"line":38,"column":21}},"17":{"start":{"line":34,"column":24},"end":{"line":34,"column":57}},"18":{"start":{"line":37,"column":24},"end":{"line":37,"column":57}},"19":{"start":{"line":41,"column":20},"end":{"line":41,"column":46}},"20":{"start":{"line":42,"column":20},"end":{"line":42,"column":40}},"21":{"start":{"line":48,"column":8},"end":{"line":48,"column":50}},"22":{"start":{"line":49,"column":8},"end":{"line":49,"column":23}},"23":{"start":{"line":53,"column":8},"end":{"line":53,"column":31}},"24":{"start":{"line":58,"column":0},"end":{"line":60,"column":1}}},"branchMap":{"1":{"line":5,"type":"cond-expr","locations":[{"start":{"line":5,"column":48},"end":{"line":5,"column":63}},{"start":{"line":5,"column":66},"end":{"line":5,"column":82}}]},"2":{"line":33,"type":"if","locations":[{"start":{"line":33,"column":20},"end":{"line":33,"column":20}},{"start":{"line":33,"column":20},"end":{"line":33,"column":20}}]}}},"/home/ltts/IoTReceiver/routes/protocolValidation.js":{"path":"/home/ltts/IoTReceiver/routes/protocolValidation.js","s":{"1":1,"2":1,"3":1,"4":1,"5":1,"6":11,"7":11,"8":11,"9":11,"10":11,"11":11,"12":10,"13":1,"14":1,"15":10,"16":10,"17":10,"18":10,"19":10,"20":0,"21":10,"22":10,"23":1},"b":{"1":[10,1],"2":[0,10]},"f":{"1":11,"2":10,"3":10},"fnMap":{"1":{"name":"crcCheck","line":6,"loc":{"start":{"line":6,"column":0},"end":{"line":6,"column":37}}},"2":{"name":"revCheck","line":22,"loc":{"start":{"line":22,"column":0},"end":{"line":22,"column":37}}},"3":{"name":"(anonymous_3)","line":28,"loc":{"start":{"line":28,"column":34},"end":{"line":28,"column":59}}}},"statementMap":{"1":{"start":{"line":1,"column":0},"end":{"line":1,"column":33}},"2":{"start":{"line":2,"column":0},"end":{"line":2,"column":30}},"3":{"start":{"line":3,"column":0},"end":{"line":3,"column":23}},"4":{"start":{"line":4,"column":0},"end":{"line":4,"column":48}},"5":{"start":{"line":6,"column":0},"end":{"line":20,"column":1}},"6":{"start":{"line":8,"column":4},"end":{"line":8,"column":54}},"7":{"start":{"line":9,"column":4},"end":{"line":9,"column":48}},"8":{"start":{"line":12,"column":4},"end":{"line":12,"column":40}},"9":{"start":{"line":13,"column":4},"end":{"line":13,"column":31}},"10":{"start":{"line":14,"column":4},"end":{"line":14,"column":54}},"11":{"start":{"line":15,"column":4},"end":{"line":19,"column":5}},"12":{"start":{"line":16,"column":8},"end":{"line":16,"column":41}},"13":{"start":{"line":18,"column":8},"end":{"line":18,"column":58}},"14":{"start":{"line":22,"column":0},"end":{"line":37,"column":1}},"15":{"start":{"line":24,"column":4},"end":{"line":24,"column":36}},"16":{"start":{"line":25,"column":4},"end":{"line":25,"column":49}},"17":{"start":{"line":26,"column":4},"end":{"line":26,"column":56}},"18":{"start":{"line":28,"column":4},"end":{"line":35,"column":7}},"19":{"start":{"line":29,"column":8},"end":{"line":34,"column":9}},"20":{"start":{"line":30,"column":12},"end":{"line":30,"column":76}},"21":{"start":{"line":32,"column":12},"end":{"line":32,"column":43}},"22":{"start":{"line":33,"column":12},"end":{"line":33,"column":39}},"23":{"start":{"line":40,"column":0},"end":{"line":43,"column":1}}},"branchMap":{"1":{"line":15,"type":"if","locations":[{"start":{"line":15,"column":4},"end":{"line":15,"column":4}},{"start":{"line":15,"column":4},"end":{"line":15,"column":4}}]},"2":{"line":29,"type":"if","locations":[{"start":{"line":29,"column":8},"end":{"line":29,"column":8}},{"start":{"line":29,"column":8},"end":{"line":29,"column":8}}]}}}}