TN:
SF:/home/ltts/IoTReceiver/routes/decisionMaker.js
FN:10,decsionMaker
FN:12,(anonymous_2)
FN:15,(anonymous_3)
FN:22,(anonymous_4)
FN:26,(anonymous_5)
FN:34,(anonymous_6)
FN:39,(anonymous_7)
FN:45,(anonymous_8)
FN:52,(anonymous_9)
FN:62,(anonymous_10)
FN:68,(anonymous_11)
FN:75,(anonymous_12)
FN:85,(anonymous_13)
FN:93,(anonymous_14)
FN:103,(anonymous_15)
FN:120,(anonymous_16)
FN:124,(anonymous_17)
FN:131,(anonymous_18)
FN:141,(anonymous_19)
FN:151,(anonymous_20)
FN:161,(anonymous_21)
FN:171,(anonymous_22)
FN:181,(anonymous_23)
FN:195,(anonymous_24)
FN:200,(anonymous_25)
FN:204,(anonymous_26)
FN:218,(anonymous_27)
FN:222,(anonymous_28)
FN:229,(anonymous_29)
FN:235,(anonymous_30)
FN:251,(anonymous_31)
FN:255,(anonymous_32)
FN:265,(anonymous_33)
FN:269,(anonymous_34)
FNF:34
FNH:26
FNDA:11,decsionMaker
FNDA:11,(anonymous_2)
FNDA:1,(anonymous_3)
FNDA:10,(anonymous_4)
FNDA:10,(anonymous_5)
FNDA:2,(anonymous_6)
FNDA:1,(anonymous_7)
FNDA:0,(anonymous_8)
FNDA:1,(anonymous_9)
FNDA:1,(anonymous_10)
FNDA:0,(anonymous_11)
FNDA:1,(anonymous_12)
FNDA:0,(anonymous_13)
FNDA:0,(anonymous_14)
FNDA:2,(anonymous_15)
FNDA:4,(anonymous_16)
FNDA:4,(anonymous_17)
FNDA:2,(anonymous_18)
FNDA:0,(anonymous_19)
FNDA:1,(anonymous_20)
FNDA:1,(anonymous_21)
FNDA:0,(anonymous_22)
FNDA:0,(anonymous_23)
FNDA:1,(anonymous_24)
FNDA:1,(anonymous_25)
FNDA:1,(anonymous_26)
FNDA:2,(anonymous_27)
FNDA:2,(anonymous_28)
FNDA:1,(anonymous_29)
FNDA:0,(anonymous_30)
FNDA:1,(anonymous_31)
FNDA:1,(anonymous_32)
FNDA:1,(anonymous_33)
FNDA:1,(anonymous_34)
DA:1,1
DA:2,1
DA:3,1
DA:4,1
DA:5,1
DA:6,1
DA:7,1
DA:10,1
DA:12,11
DA:13,11
DA:14,1
DA:15,1
DA:16,1
DA:17,0
DA:22,10
DA:23,10
DA:24,0
DA:26,10
DA:27,10
DA:28,0
DA:30,10
DA:34,2
DA:35,2
DA:36,0
DA:38,2
DA:39,1
DA:40,1
DA:41,0
DA:44,1
DA:45,0
DA:46,0
DA:47,0
DA:52,1
DA:53,1
DA:54,0
DA:61,1
DA:62,1
DA:63,1
DA:64,0
DA:67,1
DA:68,0
DA:69,0
DA:70,0
DA:75,1
DA:76,1
DA:77,0
DA:85,0
DA:86,0
DA:87,0
DA:92,2
DA:93,0
DA:94,0
DA:95,0
DA:98,0
DA:103,2
DA:104,2
DA:105,0
DA:108,2
DA:114,2
DA:120,4
DA:121,4
DA:122,0
DA:124,4
DA:125,4
DA:126,0
DA:130,4
DA:131,2
DA:132,2
DA:133,2
DA:136,0
DA:140,2
DA:141,0
DA:142,0
DA:143,0
DA:146,0
DA:150,2
DA:151,1
DA:152,1
DA:153,0
DA:156,1
DA:160,1
DA:161,1
DA:162,1
DA:163,1
DA:166,0
DA:170,0
DA:171,0
DA:172,0
DA:173,0
DA:176,0
DA:180,0
DA:181,0
DA:182,0
DA:183,0
DA:186,0
DA:192,4
DA:195,1
DA:196,1
DA:197,0
DA:200,1
DA:201,1
DA:202,0
DA:204,1
DA:205,1
DA:206,0
DA:208,1
DA:215,1
DA:218,2
DA:219,2
DA:220,0
DA:222,2
DA:223,2
DA:224,0
DA:228,2
DA:229,1
DA:230,1
DA:231,0
DA:234,1
DA:235,0
DA:236,0
DA:237,0
DA:239,0
DA:243,1
DA:244,1
DA:249,1
DA:251,1
DA:252,1
DA:253,0
DA:255,1
DA:256,1
DA:263,2
DA:265,1
DA:266,1
DA:267,0
DA:269,1
DA:270,1
DA:274,1
DA:276,0
DA:277,0
DA:288,1
LF:140
LH:85
BRDA:13,1,0,1
BRDA:13,1,1,10
BRDA:16,2,0,0
BRDA:16,2,1,1
BRDA:23,3,0,0
BRDA:23,3,1,10
BRDA:27,4,0,0
BRDA:27,4,1,10
BRDA:30,5,0,1
BRDA:30,5,1,2
BRDA:30,5,2,2
BRDA:30,5,3,2
BRDA:30,5,4,4
BRDA:30,5,5,4
BRDA:30,5,6,4
BRDA:30,5,7,4
BRDA:30,5,8,1
BRDA:30,5,9,2
BRDA:30,5,10,1
BRDA:30,5,11,0
BRDA:35,6,0,0
BRDA:35,6,1,2
BRDA:38,7,0,1
BRDA:38,7,1,1
BRDA:38,8,0,2
BRDA:38,8,1,2
BRDA:40,9,0,0
BRDA:40,9,1,1
BRDA:44,10,0,0
BRDA:44,10,1,1
BRDA:46,11,0,0
BRDA:46,11,1,0
BRDA:53,12,0,0
BRDA:53,12,1,1
BRDA:61,13,0,1
BRDA:61,13,1,0
BRDA:61,14,0,1
BRDA:61,14,1,1
BRDA:63,15,0,0
BRDA:63,15,1,1
BRDA:67,16,0,0
BRDA:67,16,1,1
BRDA:69,17,0,0
BRDA:69,17,1,0
BRDA:76,18,0,0
BRDA:76,18,1,1
BRDA:86,19,0,0
BRDA:86,19,1,0
BRDA:92,20,0,0
BRDA:92,20,1,2
BRDA:94,21,0,0
BRDA:94,21,1,0
BRDA:104,22,0,0
BRDA:104,22,1,2
BRDA:121,23,0,0
BRDA:121,23,1,4
BRDA:125,24,0,0
BRDA:125,24,1,4
BRDA:130,25,0,2
BRDA:130,25,1,2
BRDA:132,26,0,2
BRDA:132,26,1,0
BRDA:140,27,0,0
BRDA:140,27,1,2
BRDA:142,28,0,0
BRDA:142,28,1,0
BRDA:150,29,0,1
BRDA:150,29,1,1
BRDA:150,30,0,2
BRDA:150,30,1,1
BRDA:152,31,0,0
BRDA:152,31,1,1
BRDA:160,32,0,1
BRDA:160,32,1,0
BRDA:162,33,0,1
BRDA:162,33,1,0
BRDA:170,34,0,0
BRDA:170,34,1,0
BRDA:172,35,0,0
BRDA:172,35,1,0
BRDA:180,36,0,0
BRDA:180,36,1,0
BRDA:182,37,0,0
BRDA:182,37,1,0
BRDA:196,38,0,0
BRDA:196,38,1,1
BRDA:201,39,0,0
BRDA:201,39,1,1
BRDA:205,40,0,0
BRDA:205,40,1,1
BRDA:219,41,0,0
BRDA:219,41,1,2
BRDA:223,42,0,0
BRDA:223,42,1,2
BRDA:228,43,0,1
BRDA:228,43,1,1
BRDA:230,44,0,0
BRDA:230,44,1,1
BRDA:234,45,0,0
BRDA:234,45,1,1
BRDA:236,46,0,0
BRDA:236,46,1,0
BRDA:243,47,0,1
BRDA:243,47,1,0
BRDA:249,48,0,1
BRDA:249,48,1,0
BRDA:252,49,0,0
BRDA:252,49,1,1
BRDA:266,50,0,0
BRDA:266,50,1,1
BRF:110
BRH:58
end_of_record
TN:
SF:/home/ltts/IoTReceiver/CEparser/parser.js
FN:42,getUTC
FN:47,convertHexa
FN:117,(anonymous_3)
FN:121,(anonymous_4)
FN:132,getAction
FN:143,getAtrribute
FN:166,getMeterDeviceStatus
FN:181,getMeterStatusCode
FN:196,getTraDeviceStatus
FN:212,getTransformerStatusCode
FN:230,getActionName
FN:253,getCommValues
FN:334,(anonymous_13)
FN:345,convertJson_Deregister
FN:394,(anonymous_15)
FN:398,(anonymous_16)
FN:427,convertJson_MagerialData
FN:477,convertJson_TransactionData
FN:537,(anonymous_19)
FN:541,(anonymous_20)
FN:630,(anonymous_21)
FN:634,(anonymous_22)
FN:686,convertJson_EventsAlarms
FN:734,(anonymous_24)
FN:738,(anonymous_25)
FN:821,(anonymous_26)
FN:825,(anonymous_27)
FNF:27
FNH:14
FNDA:13,getUTC
FNDA:809,convertHexa
FNDA:0,(anonymous_3)
FNDA:0,(anonymous_4)
FNDA:20,getAction
FNDA:10,getAtrribute
FNDA:1,getMeterDeviceStatus
FNDA:5,getMeterStatusCode
FNDA:1,getTraDeviceStatus
FNDA:3,getTransformerStatusCode
FNDA:10,getActionName
FNDA:100,getCommValues
FNDA:0,(anonymous_13)
FNDA:1,convertJson_Deregister
FNDA:0,(anonymous_15)
FNDA:0,(anonymous_16)
FNDA:6,convertJson_MagerialData
FNDA:2,convertJson_TransactionData
FNDA:0,(anonymous_19)
FNDA:0,(anonymous_20)
FNDA:0,(anonymous_21)
FNDA:0,(anonymous_22)
FNDA:1,convertJson_EventsAlarms
FNDA:0,(anonymous_24)
FNDA:0,(anonymous_25)
FNDA:0,(anonymous_26)
FNDA:0,(anonymous_27)
DA:2,1
DA:3,1
DA:4,1
DA:5,1
DA:6,1
DA:7,1
DA:8,1
DA:9,1
DA:10,1
DA:11,1
DA:13,1
DA:14,1
DA:15,1
DA:17,1
DA:18,1
DA:19,1
DA:20,1
DA:21,1
DA:22,1
DA:23,1
DA:24,1
DA:25,1
DA:26,1
DA:27,1
DA:28,1
DA:29,1
DA:30,1
DA:31,1
DA:32,1
DA:33,1
DA:34,1
DA:35,1
DA:36,1
DA:37,1
DA:38,1
DA:39,1
DA:42,1
DA:43,13
DA:47,1
DA:48,809
DA:49,809
DA:50,809
DA:51,809
DA:52,3
DA:53,78
DA:55,806
DA:56,154
DA:57,154
DA:58,154
DA:59,616
DA:60,616
DA:62,154
DA:63,154
DA:65,652
DA:66,5
DA:67,95
DA:69,5
DA:71,647
DA:72,0
DA:73,0
DA:76,0
DA:77,0
DA:78,0
DA:79,0
DA:80,0
DA:81,0
DA:86,647
DA:87,2
DA:90,645
DA:91,335
DA:93,310
DA:94,116
DA:95,116
DA:96,116
DA:97,232
DA:98,232
DA:100,116
DA:102,194
DA:103,194
DA:104,194
DA:105,194
DA:106,776
DA:107,776
DA:109,194
DA:114,804
DA:117,0
DA:118,0
DA:119,0
DA:121,0
DA:122,0
DA:123,0
DA:132,1
DA:133,20
DA:134,110
DA:135,20
DA:136,20
DA:139,20
DA:143,1
DA:144,10
DA:145,55
DA:146,10
DA:147,10
DA:148,10
DA:149,16
DA:150,10
DA:151,10
DA:152,10
DA:156,55
DA:157,10
DA:158,10
DA:159,10
DA:162,10
DA:166,1
DA:168,1
DA:169,1
DA:170,1
DA:172,0
DA:173,0
DA:174,0
DA:176,0
DA:181,1
DA:183,5
DA:184,5
DA:185,5
DA:186,5
DA:188,5
DA:189,5
DA:190,5
DA:191,5
DA:192,5
DA:196,1
DA:198,1
DA:199,0
DA:200,0
DA:202,1
DA:203,1
DA:204,0
DA:206,1
DA:212,1
DA:213,3
DA:214,3
DA:215,3
DA:216,3
DA:217,3
DA:218,3
DA:220,3
DA:221,3
DA:222,3
DA:223,3
DA:224,3
DA:226,3
DA:230,1
DA:232,10
DA:233,10
DA:234,80
DA:235,80
DA:236,80
DA:237,10
DA:238,10
DA:239,10
DA:240,5
DA:241,5
DA:243,10
DA:244,10
DA:246,70
DA:249,0
DA:253,1
DA:255,100
DA:256,100
DA:257,100
DA:259,10
DA:260,10
DA:261,10
DA:262,10
DA:265,10
DA:266,10
DA:267,10
DA:268,10
DA:271,10
DA:272,10
DA:273,10
DA:274,10
DA:277,10
DA:278,10
DA:279,10
DA:280,10
DA:283,10
DA:284,10
DA:285,10
DA:286,10
DA:289,10
DA:290,10
DA:291,10
DA:292,10
DA:295,10
DA:296,10
DA:297,10
DA:298,10
DA:301,10
DA:302,10
DA:303,10
DA:304,5
DA:305,5
DA:306,5
DA:309,5
DA:311,10
DA:312,10
DA:313,10
DA:314,10
DA:317,10
DA:318,10
DA:319,10
DA:320,10
DA:321,1
DA:322,1
DA:323,1
DA:326,9
DA:328,10
DA:329,10
DA:330,10
DA:333,10
DA:334,0
DA:335,0
DA:336,0
DA:340,10
DA:345,1
DA:347,1
DA:348,1
DA:349,1
DA:350,1
DA:352,1
DA:353,1
DA:355,11
DA:356,1
DA:357,1
DA:358,1
DA:359,1
DA:360,1
DA:361,1
DA:362,1
DA:363,1
DA:364,1
DA:367,1
DA:368,1
DA:370,1
DA:371,1
DA:372,1
DA:373,1
DA:374,1
DA:376,1
DA:377,1
DA:378,1
DA:379,1
DA:381,1
DA:382,1
DA:383,1
DA:385,0
DA:386,0
DA:387,0
DA:389,0
DA:390,0
DA:391,0
DA:394,0
DA:395,0
DA:396,0
DA:398,0
DA:399,0
DA:400,0
DA:405,0
DA:408,1
DA:409,1
DA:410,1
DA:411,1
DA:415,1
DA:418,10
DA:419,10
DA:420,10
DA:423,1
DA:427,1
DA:429,6
DA:430,6
DA:431,6
DA:432,6
DA:433,6
DA:435,6
DA:436,6
DA:437,6
DA:439,66
DA:440,6
DA:441,5
DA:442,1
DA:445,4
DA:446,4
DA:447,4
DA:448,4
DA:449,4
DA:450,7
DA:451,7
DA:452,7
DA:453,7
DA:455,4
DA:456,4
DA:458,5
DA:459,5
DA:460,5
DA:462,1
DA:463,1
DA:468,60
DA:469,60
DA:470,60
DA:473,6
DA:477,1
DA:479,2
DA:480,2
DA:481,2
DA:482,2
DA:483,2
DA:484,2
DA:485,2
DA:487,2
DA:488,2
DA:490,22
DA:491,2
DA:492,1
DA:497,2
DA:498,2
DA:499,2
DA:500,2
DA:502,2
DA:503,0
DA:504,0
DA:506,0
DA:507,2
DA:508,0
DA:509,0
DA:521,2
DA:522,1
DA:523,1
DA:525,1
DA:527,1
DA:528,1
DA:529,0
DA:530,0
DA:531,0
DA:532,0
DA:533,0
DA:534,0
DA:537,0
DA:538,0
DA:539,0
DA:541,0
DA:542,0
DA:543,0
DA:547,0
DA:551,2
DA:552,1
DA:554,43
DA:555,43
DA:556,43
DA:557,43
DA:558,43
DA:561,1
DA:563,139
DA:564,139
DA:565,139
DA:566,139
DA:567,139
DA:576,2
DA:577,2
DA:579,5
DA:581,5
DA:582,1
DA:583,1
DA:584,1
DA:585,1
DA:586,4
DA:587,1
DA:588,1
DA:589,1
DA:590,1
DA:591,1
DA:605,3
DA:606,2
DA:607,2
DA:608,2
DA:609,2
DA:611,1
DA:612,1
DA:613,1
DA:614,1
DA:615,1
DA:616,0
DA:617,0
DA:618,0
DA:619,0
DA:620,0
DA:621,0
DA:622,0
DA:623,0
DA:624,0
DA:625,0
DA:626,0
DA:627,0
DA:630,0
DA:631,0
DA:632,0
DA:634,0
DA:635,0
DA:636,0
DA:641,0
DA:644,3
DA:645,3
DA:646,113
DA:647,113
DA:648,113
DA:649,113
DA:650,113
DA:653,3
DA:654,417
DA:655,417
DA:656,417
DA:657,417
DA:658,417
DA:661,3
DA:662,3
DA:666,2
DA:667,2
DA:668,2
DA:669,2
DA:670,2
DA:674,2
DA:677,20
DA:678,20
DA:679,20
DA:682,2
DA:686,1
DA:688,1
DA:689,1
DA:690,1
DA:691,1
DA:692,1
DA:693,1
DA:694,1
DA:695,1
DA:696,1
DA:698,1
DA:699,1
DA:701,11
DA:705,1
DA:706,1
DA:707,1
DA:708,1
DA:709,1
DA:711,1
DA:712,0
DA:713,0
DA:714,1
DA:715,0
DA:716,0
DA:726,1
DA:727,1
DA:728,1
DA:730,0
DA:731,0
DA:734,0
DA:735,0
DA:736,0
DA:738,0
DA:739,0
DA:740,0
DA:744,0
DA:747,1
DA:749,1
DA:750,1
DA:751,1
DA:752,1
DA:753,1
DA:755,1
DA:756,1
DA:757,1
DA:758,1
DA:759,1
DA:760,1
DA:762,4
DA:763,4
DA:764,32
DA:765,20
DA:766,12
DA:767,7
DA:769,32
DA:770,32
DA:772,4
DA:773,4
DA:776,1
DA:777,1
DA:781,1
DA:783,1
DA:784,1
DA:786,0
DA:787,0
DA:789,0
DA:790,0
DA:791,0
DA:792,0
DA:793,0
DA:794,0
DA:795,0
DA:796,0
DA:797,0
DA:810,0
DA:811,0
DA:812,0
DA:814,0
DA:815,0
DA:816,0
DA:817,0
DA:818,0
DA:821,0
DA:822,0
DA:823,0
DA:825,0
DA:826,0
DA:827,0
DA:831,0
DA:834,0
DA:835,0
DA:836,0
DA:837,0
DA:838,0
DA:839,0
DA:841,0
DA:842,0
DA:843,0
DA:844,0
DA:845,0
DA:846,0
DA:848,0
DA:849,0
DA:850,0
DA:851,0
DA:852,0
DA:853,0
DA:855,0
DA:856,0
DA:858,0
DA:859,0
DA:861,0
DA:862,0
DA:865,1
DA:866,0
DA:871,10
DA:872,10
DA:873,10
DA:876,1
DA:879,1
LF:555
LH:416
BRDA:51,1,0,3
BRDA:51,1,1,806
BRDA:55,2,0,154
BRDA:55,2,1,652
BRDA:65,3,0,5
BRDA:65,3,1,647
BRDA:71,4,0,0
BRDA:71,4,1,647
BRDA:72,5,0,0
BRDA:72,5,1,0
BRDA:79,6,0,0
BRDA:79,6,1,0
BRDA:86,7,0,2
BRDA:86,7,1,645
BRDA:90,8,0,335
BRDA:90,8,1,310
BRDA:93,9,0,116
BRDA:93,9,1,194
BRDA:102,10,0,194
BRDA:102,10,1,0
BRDA:118,11,0,0
BRDA:118,11,1,0
BRDA:122,12,0,0
BRDA:122,12,1,0
BRDA:134,13,0,20
BRDA:134,13,1,90
BRDA:145,14,0,10
BRDA:145,14,1,45
BRDA:149,15,0,10
BRDA:149,15,1,6
BRDA:156,16,0,10
BRDA:156,16,1,45
BRDA:156,17,0,55
BRDA:156,17,1,10
BRDA:168,18,0,1
BRDA:168,18,1,0
BRDA:168,19,0,1
BRDA:168,19,1,0
BRDA:170,20,0,1
BRDA:170,20,1,0
BRDA:172,21,0,0
BRDA:172,21,1,0
BRDA:173,22,0,0
BRDA:173,22,1,0
BRDA:198,23,0,0
BRDA:198,23,1,1
BRDA:198,24,0,1
BRDA:198,24,1,1
BRDA:200,25,0,0
BRDA:200,25,1,0
BRDA:202,26,0,1
BRDA:202,26,1,0
BRDA:203,27,0,0
BRDA:203,27,1,1
BRDA:234,28,0,80
BRDA:234,28,1,0
BRDA:236,29,0,10
BRDA:236,29,1,70
BRDA:239,30,0,5
BRDA:239,30,1,5
BRDA:257,31,0,10
BRDA:257,31,1,10
BRDA:257,31,2,10
BRDA:257,31,3,10
BRDA:257,31,4,10
BRDA:257,31,5,10
BRDA:257,31,6,10
BRDA:257,31,7,10
BRDA:257,31,8,10
BRDA:257,31,9,10
BRDA:303,32,0,5
BRDA:303,32,1,5
BRDA:320,33,0,1
BRDA:320,33,1,9
BRDA:333,34,0,0
BRDA:333,34,1,10
BRDA:335,35,0,0
BRDA:335,35,1,0
BRDA:355,36,0,1
BRDA:355,36,1,10
BRDA:381,37,0,1
BRDA:381,37,1,0
BRDA:381,38,0,1
BRDA:381,38,1,0
BRDA:382,39,0,1
BRDA:382,39,1,0
BRDA:385,40,0,0
BRDA:385,40,1,0
BRDA:385,41,0,0
BRDA:385,41,1,0
BRDA:386,42,0,0
BRDA:386,42,1,0
BRDA:389,43,0,0
BRDA:389,43,1,0
BRDA:395,44,0,0
BRDA:395,44,1,0
BRDA:399,45,0,0
BRDA:399,45,1,0
BRDA:408,46,0,1
BRDA:408,46,1,0
BRDA:439,47,0,6
BRDA:439,47,1,60
BRDA:440,48,0,5
BRDA:440,48,1,1
BRDA:441,49,0,1
BRDA:441,49,1,4
BRDA:462,50,0,1
BRDA:462,50,1,0
BRDA:490,51,0,2
BRDA:490,51,1,20
BRDA:491,52,0,1
BRDA:491,52,1,1
BRDA:491,53,0,2
BRDA:491,53,1,1
BRDA:502,54,0,0
BRDA:502,54,1,2
BRDA:507,55,0,0
BRDA:507,55,1,2
BRDA:507,56,0,2
BRDA:507,56,1,2
BRDA:509,57,0,0
BRDA:509,57,1,0
BRDA:521,58,0,1
BRDA:521,58,1,1
BRDA:527,59,0,1
BRDA:527,59,1,0
BRDA:527,60,0,1
BRDA:527,60,1,1
BRDA:527,60,2,1
BRDA:529,61,0,0
BRDA:529,61,1,0
BRDA:532,62,0,0
BRDA:532,62,1,0
BRDA:538,63,0,0
BRDA:538,63,1,0
BRDA:542,64,0,0
BRDA:542,64,1,0
BRDA:551,65,0,1
BRDA:551,65,1,1
BRDA:551,66,0,2
BRDA:551,66,1,2
BRDA:554,67,0,43
BRDA:554,67,1,0
BRDA:563,68,0,139
BRDA:563,68,1,0
BRDA:581,69,0,1
BRDA:581,69,1,4
BRDA:586,70,0,1
BRDA:586,70,1,3
BRDA:586,71,0,4
BRDA:586,71,1,3
BRDA:588,72,0,1
BRDA:588,72,1,0
BRDA:605,73,0,2
BRDA:605,73,1,1
BRDA:611,74,0,1
BRDA:611,74,1,0
BRDA:611,75,0,1
BRDA:611,75,1,0
BRDA:611,75,2,0
BRDA:616,76,0,0
BRDA:616,76,1,0
BRDA:622,77,0,0
BRDA:622,77,1,0
BRDA:631,78,0,0
BRDA:631,78,1,0
BRDA:635,79,0,0
BRDA:635,79,1,0
BRDA:644,80,0,3
BRDA:644,80,1,0
BRDA:644,81,0,3
BRDA:644,81,1,2
BRDA:646,82,0,113
BRDA:646,82,1,0
BRDA:654,83,0,417
BRDA:654,83,1,0
BRDA:669,84,0,2
BRDA:669,84,1,0
BRDA:701,85,0,1
BRDA:701,85,1,10
BRDA:711,86,0,0
BRDA:711,86,1,1
BRDA:714,87,0,0
BRDA:714,87,1,1
BRDA:714,88,0,1
BRDA:714,88,1,1
BRDA:716,89,0,0
BRDA:716,89,1,0
BRDA:726,90,0,1
BRDA:726,90,1,0
BRDA:730,91,0,0
BRDA:730,91,1,0
BRDA:730,92,0,0
BRDA:730,92,1,0
BRDA:730,92,2,0
BRDA:735,93,0,0
BRDA:735,93,1,0
BRDA:739,94,0,0
BRDA:739,94,1,0
BRDA:747,95,0,1
BRDA:747,95,1,0
BRDA:747,96,0,1
BRDA:747,96,1,1
BRDA:764,97,0,20
BRDA:764,97,1,12
BRDA:764,98,0,32
BRDA:764,98,1,25
BRDA:766,99,0,7
BRDA:766,99,1,5
BRDA:789,100,0,0
BRDA:789,100,1,0
BRDA:792,101,0,0
BRDA:792,101,1,0
BRDA:792,102,0,0
BRDA:792,102,1,0
BRDA:794,103,0,0
BRDA:794,103,1,0
BRDA:810,104,0,0
BRDA:810,104,1,0
BRDA:814,105,0,0
BRDA:814,105,1,0
BRDA:814,106,0,0
BRDA:814,106,1,0
BRDA:814,106,2,0
BRDA:822,107,0,0
BRDA:822,107,1,0
BRDA:826,108,0,0
BRDA:826,108,1,0
BRDA:834,109,0,0
BRDA:834,109,1,0
BRDA:834,110,0,0
BRDA:834,110,1,0
BRDA:850,111,0,0
BRDA:850,111,1,0
BRDA:850,112,0,0
BRDA:850,112,1,0
BRDA:852,113,0,0
BRDA:852,113,1,0
BRDA:865,114,0,0
BRDA:865,114,1,1
BRF:240
BRH:121
end_of_record
TN:
SF:/home/ltts/IoTReceiver/db/dbInsert.js
FN:8,(anonymous_1)
FN:12,(anonymous_2)
FN:17,(anonymous_3)
FN:33,(anonymous_4)
FN:36,(anonymous_5)
FN:41,(anonymous_6)
FNF:6
FNH:6
FNDA:12,(anonymous_1)
FNDA:12,(anonymous_2)
FNDA:12,(anonymous_3)
FNDA:2,(anonymous_4)
FNDA:2,(anonymous_5)
FNDA:2,(anonymous_6)
DA:1,1
DA:2,1
DA:3,1
DA:4,1
DA:5,1
DA:8,1
DA:9,12
DA:12,12
DA:13,12
DA:14,0
DA:16,12
DA:17,12
DA:18,12
DA:19,0
DA:20,0
DA:22,12
DA:23,12
DA:33,1
DA:34,2
DA:36,2
DA:37,2
DA:38,0
DA:40,2
DA:41,2
DA:42,2
DA:43,0
DA:44,0
DA:46,2
DA:47,2
DA:56,1
LF:30
LH:24
BRDA:13,1,0,0
BRDA:13,1,1,12
BRDA:18,2,0,0
BRDA:18,2,1,12
BRDA:37,3,0,0
BRDA:37,3,1,2
BRDA:42,4,0,0
BRDA:42,4,1,2
BRF:8
BRH:4
end_of_record
TN:
SF:/home/ltts/IoTReceiver/config/config.js
FNF:0
FNH:0
DA:1,1
DA:5,1
DA:6,1
DA:7,1
DA:11,1
DA:15,1
DA:16,1
DA:17,1
DA:20,1
DA:24,1
DA:29,1
DA:30,1
DA:31,1
DA:32,1
DA:33,1
DA:34,1
DA:35,1
DA:36,1
DA:39,1
DA:40,1
DA:41,1
DA:42,1
DA:43,1
DA:44,1
DA:45,1
DA:46,1
DA:47,1
DA:48,1
DA:49,1
DA:50,1
DA:51,1
DA:52,1
DA:55,1
DA:57,1
LF:34
LH:34
BRF:0
BRH:0
end_of_record
TN:
SF:/home/ltts/IoTReceiver/routes/postManagerial.js
FN:7,postManagerialData
FN:22,(anonymous_2)
FN:26,(anonymous_3)
FN:30,(anonymous_4)
FNF:4
FNH:4
FNDA:9,postManagerialData
FNDA:9,(anonymous_2)
FNDA:5,(anonymous_3)
FNDA:9,(anonymous_4)
DA:1,1
DA:3,1
DA:5,1
DA:7,1
DA:8,9
DA:10,9
DA:20,9
DA:22,9
DA:23,9
DA:25,9
DA:26,9
DA:27,5
DA:30,9
DA:31,9
DA:32,9
DA:33,5
DA:34,1
DA:37,4
DA:41,4
DA:42,4
DA:48,9
DA:49,9
DA:53,0
DA:58,1
LF:24
LH:23
BRDA:5,1,0,0
BRDA:5,1,1,1
BRDA:33,2,0,1
BRDA:33,2,1,4
BRF:4
BRH:3
end_of_record
TN:
SF:/home/ltts/IoTReceiver/routes/protocolValidation.js
FN:6,crcCheck
FN:22,revCheck
FN:28,(anonymous_3)
FNF:3
FNH:3
FNDA:11,crcCheck
FNDA:10,revCheck
FNDA:10,(anonymous_3)
DA:1,1
DA:2,1
DA:3,1
DA:4,1
DA:6,1
DA:8,11
DA:9,11
DA:12,11
DA:13,11
DA:14,11
DA:15,11
DA:16,10
DA:18,1
DA:22,1
DA:24,10
DA:25,10
DA:26,10
DA:28,10
DA:29,10
DA:30,0
DA:32,10
DA:33,10
DA:40,1
LF:23
LH:22
BRDA:15,1,0,10
BRDA:15,1,1,1
BRDA:29,2,0,0
BRDA:29,2,1,10
BRF:4
BRH:3
end_of_record
